[0.018s] Invoking command in '/home/alex/Programming/ROS2/Ingenia/GSim-ISE24/create3_sim-main/build/irobot_create_toolbox': CMAKE_PREFIX_PATH=/opt/ros/humble /usr/bin/cmake /home/alex/Programming/ROS2/Ingenia/GSim-ISE24/create3_sim-main/src/irobot_create_common/irobot_create_toolbox -DAMENT_CMAKE_SYMLINK_INSTALL=1 -DCMAKE_INSTALL_PREFIX=/home/alex/Programming/ROS2/Ingenia/GSim-ISE24/create3_sim-main/install/irobot_create_toolbox
[0.087s] -- The C compiler identification is GNU 11.4.0
[0.157s] -- The CXX compiler identification is GNU 11.4.0
[0.169s] -- Detecting C compiler ABI info
[0.263s] -- Detecting C compiler ABI info - done
[0.281s] -- Check for working C compiler: /usr/bin/cc - skipped
[0.282s] -- Detecting C compile features
[0.282s] -- Detecting C compile features - done
[0.288s] -- Detecting CXX compiler ABI info
[0.387s] -- Detecting CXX compiler ABI info - done
[0.397s] -- Check for working CXX compiler: /usr/bin/c++ - skipped
[0.397s] -- Detecting CXX compile features
[0.398s] -- Detecting CXX compile features - done
[0.400s] -- Found ament_cmake: 1.3.8 (/opt/ros/humble/share/ament_cmake/cmake)
[0.589s] -- Found Python3: /usr/bin/python3 (found version "3.10.12") found components: Interpreter 
[0.678s] -- Override CMake install command with custom implementation using symlinks instead of copying resources
[0.721s] -- Looking for ignition-math6 -- found version 6.15.1
[0.729s] -- Searching for dependencies of ignition-math6
[0.732s] -- Found rclcpp: 16.0.8 (/opt/ros/humble/share/rclcpp/cmake)
[0.791s] -- Found rosidl_generator_c: 3.1.5 (/opt/ros/humble/share/rosidl_generator_c/cmake)
[0.798s] -- Found rosidl_adapter: 3.1.5 (/opt/ros/humble/share/rosidl_adapter/cmake)
[0.811s] -- Found rosidl_generator_cpp: 3.1.5 (/opt/ros/humble/share/rosidl_generator_cpp/cmake)
[0.830s] -- Using all available rosidl_typesupport_c: rosidl_typesupport_fastrtps_c;rosidl_typesupport_introspection_c
[0.865s] -- Using all available rosidl_typesupport_cpp: rosidl_typesupport_fastrtps_cpp;rosidl_typesupport_introspection_cpp
[0.969s] -- Found rmw_implementation_cmake: 6.1.1 (/opt/ros/humble/share/rmw_implementation_cmake/cmake)
[0.973s] -- Found rmw_fastrtps_cpp: 6.2.6 (/opt/ros/humble/share/rmw_fastrtps_cpp/cmake)
[1.111s] -- Found OpenSSL: /usr/lib/x86_64-linux-gnu/libcrypto.so (found version "3.0.2")  
[1.163s] -- Found FastRTPS: /opt/ros/humble/include  
[1.250s] -- Using RMW implementation 'rmw_fastrtps_cpp' as default
[1.273s] -- Looking for pthread.h
[1.360s] -- Looking for pthread.h - found
[1.360s] -- Performing Test CMAKE_HAVE_LIBC_PTHREAD
[1.454s] -- Performing Test CMAKE_HAVE_LIBC_PTHREAD - Success
[1.455s] -- Found Threads: TRUE  
[1.733s] -- Found ament_lint_auto: 0.12.10 (/opt/ros/humble/share/ament_lint_auto/cmake)
[1.837s] -- Added test 'cppcheck' to perform static code analysis on C / C++ code
[1.837s] -- Configured cppcheck include dirs: /home/alex/Programming/ROS2/Ingenia/GSim-ISE24/create3_sim-main/src/irobot_create_common/irobot_create_toolbox/include
[1.837s] -- Configured cppcheck exclude dirs and/or files: 
[1.839s] -- Added test 'cpplint' to check C / C++ code against the Google style
[1.840s] -- Configured cpplint exclude dirs and/or files: 
[1.841s] -- Added test 'lint_cmake' to check CMake code style
[1.843s] -- Added test 'uncrustify' to check C / C++ code style
[1.843s] -- Configured uncrustify additional arguments: 
[1.844s] -- Added test 'xmllint' to check XML markup files
[1.847s] -- Configuring done
[1.858s] -- Generating done
[1.861s] -- Build files have been written to: /home/alex/Programming/ROS2/Ingenia/GSim-ISE24/create3_sim-main/build/irobot_create_toolbox
[1.876s] Invoked command in '/home/alex/Programming/ROS2/Ingenia/GSim-ISE24/create3_sim-main/build/irobot_create_toolbox' returned '0': CMAKE_PREFIX_PATH=/opt/ros/humble /usr/bin/cmake /home/alex/Programming/ROS2/Ingenia/GSim-ISE24/create3_sim-main/src/irobot_create_common/irobot_create_toolbox -DAMENT_CMAKE_SYMLINK_INSTALL=1 -DCMAKE_INSTALL_PREFIX=/home/alex/Programming/ROS2/Ingenia/GSim-ISE24/create3_sim-main/install/irobot_create_toolbox
[1.878s] Invoking command in '/home/alex/Programming/ROS2/Ingenia/GSim-ISE24/create3_sim-main/build/irobot_create_toolbox': CMAKE_PREFIX_PATH=/opt/ros/humble /usr/bin/cmake --build /home/alex/Programming/ROS2/Ingenia/GSim-ISE24/create3_sim-main/build/irobot_create_toolbox -- -j8 -l8
[1.943s] [ 50%] [32mBuilding CXX object CMakeFiles/irobot_create_toolbox.dir/src/polar_coordinates.cpp.o[0m
[5.002s] [100%] [32m[1mLinking CXX shared library libirobot_create_toolbox.so[0m
[5.206s] [100%] Built target irobot_create_toolbox
[5.222s] Invoked command in '/home/alex/Programming/ROS2/Ingenia/GSim-ISE24/create3_sim-main/build/irobot_create_toolbox' returned '0': CMAKE_PREFIX_PATH=/opt/ros/humble /usr/bin/cmake --build /home/alex/Programming/ROS2/Ingenia/GSim-ISE24/create3_sim-main/build/irobot_create_toolbox -- -j8 -l8
[5.259s] Invoking command in '/home/alex/Programming/ROS2/Ingenia/GSim-ISE24/create3_sim-main/build/irobot_create_toolbox': CMAKE_PREFIX_PATH=/opt/ros/humble /usr/bin/cmake --install /home/alex/Programming/ROS2/Ingenia/GSim-ISE24/create3_sim-main/build/irobot_create_toolbox
[5.270s] -- Install configuration: ""
[5.271s] -- Execute custom install script
[5.271s] -- Symlinking: /home/alex/Programming/ROS2/Ingenia/GSim-ISE24/create3_sim-main/install/irobot_create_toolbox/lib/libirobot_create_toolbox.so
[5.285s] -- Symlinking: /home/alex/Programming/ROS2/Ingenia/GSim-ISE24/create3_sim-main/install/irobot_create_toolbox/include/irobot_create_toolbox/math.hpp
[5.298s] -- Symlinking: /home/alex/Programming/ROS2/Ingenia/GSim-ISE24/create3_sim-main/install/irobot_create_toolbox/include/irobot_create_toolbox/polar_coordinates.hpp
[5.312s] -- Symlinking: /home/alex/Programming/ROS2/Ingenia/GSim-ISE24/create3_sim-main/install/irobot_create_toolbox/include/irobot_create_toolbox/sensors/bumpers.hpp
[5.325s] -- Symlinking: /home/alex/Programming/ROS2/Ingenia/GSim-ISE24/create3_sim-main/install/irobot_create_toolbox/share/irobot_create_toolbox/environment/library_path.sh
[5.338s] -- Symlinking: /home/alex/Programming/ROS2/Ingenia/GSim-ISE24/create3_sim-main/install/irobot_create_toolbox/share/irobot_create_toolbox/environment/library_path.dsv
[5.352s] -- Symlinking: /home/alex/Programming/ROS2/Ingenia/GSim-ISE24/create3_sim-main/install/irobot_create_toolbox/share/ament_index/resource_index/package_run_dependencies/irobot_create_toolbox
[5.365s] -- Symlinking: /home/alex/Programming/ROS2/Ingenia/GSim-ISE24/create3_sim-main/install/irobot_create_toolbox/share/ament_index/resource_index/parent_prefix_path/irobot_create_toolbox
[5.378s] -- Symlinking: /home/alex/Programming/ROS2/Ingenia/GSim-ISE24/create3_sim-main/install/irobot_create_toolbox/share/irobot_create_toolbox/environment/ament_prefix_path.sh
[5.391s] -- Symlinking: /home/alex/Programming/ROS2/Ingenia/GSim-ISE24/create3_sim-main/install/irobot_create_toolbox/share/irobot_create_toolbox/environment/ament_prefix_path.dsv
[5.404s] -- Symlinking: /home/alex/Programming/ROS2/Ingenia/GSim-ISE24/create3_sim-main/install/irobot_create_toolbox/share/irobot_create_toolbox/environment/path.sh
[5.416s] -- Symlinking: /home/alex/Programming/ROS2/Ingenia/GSim-ISE24/create3_sim-main/install/irobot_create_toolbox/share/irobot_create_toolbox/environment/path.dsv
[5.428s] -- Symlinking: /home/alex/Programming/ROS2/Ingenia/GSim-ISE24/create3_sim-main/install/irobot_create_toolbox/share/irobot_create_toolbox/local_setup.bash
[5.443s] -- Symlinking: /home/alex/Programming/ROS2/Ingenia/GSim-ISE24/create3_sim-main/install/irobot_create_toolbox/share/irobot_create_toolbox/local_setup.sh
[5.457s] -- Symlinking: /home/alex/Programming/ROS2/Ingenia/GSim-ISE24/create3_sim-main/install/irobot_create_toolbox/share/irobot_create_toolbox/local_setup.zsh
[5.470s] -- Symlinking: /home/alex/Programming/ROS2/Ingenia/GSim-ISE24/create3_sim-main/install/irobot_create_toolbox/share/irobot_create_toolbox/local_setup.dsv
[5.484s] -- Symlinking: /home/alex/Programming/ROS2/Ingenia/GSim-ISE24/create3_sim-main/install/irobot_create_toolbox/share/irobot_create_toolbox/package.dsv
[5.497s] -- Symlinking: /home/alex/Programming/ROS2/Ingenia/GSim-ISE24/create3_sim-main/install/irobot_create_toolbox/share/ament_index/resource_index/packages/irobot_create_toolbox
[5.511s] -- Symlinking: /home/alex/Programming/ROS2/Ingenia/GSim-ISE24/create3_sim-main/install/irobot_create_toolbox/share/irobot_create_toolbox/cmake/ament_cmake_export_include_directories-extras.cmake
[5.524s] -- Symlinking: /home/alex/Programming/ROS2/Ingenia/GSim-ISE24/create3_sim-main/install/irobot_create_toolbox/share/irobot_create_toolbox/cmake/ament_cmake_export_libraries-extras.cmake
[5.538s] -- Symlinking: /home/alex/Programming/ROS2/Ingenia/GSim-ISE24/create3_sim-main/install/irobot_create_toolbox/share/irobot_create_toolbox/cmake/ament_cmake_export_dependencies-extras.cmake
[5.552s] -- Symlinking: /home/alex/Programming/ROS2/Ingenia/GSim-ISE24/create3_sim-main/install/irobot_create_toolbox/share/irobot_create_toolbox/cmake/irobot_create_toolboxConfig.cmake
[5.565s] -- Symlinking: /home/alex/Programming/ROS2/Ingenia/GSim-ISE24/create3_sim-main/install/irobot_create_toolbox/share/irobot_create_toolbox/cmake/irobot_create_toolboxConfig-version.cmake
[5.579s] -- Symlinking: /home/alex/Programming/ROS2/Ingenia/GSim-ISE24/create3_sim-main/install/irobot_create_toolbox/share/irobot_create_toolbox/package.xml
[5.597s] Invoked command in '/home/alex/Programming/ROS2/Ingenia/GSim-ISE24/create3_sim-main/build/irobot_create_toolbox' returned '0': CMAKE_PREFIX_PATH=/opt/ros/humble /usr/bin/cmake --install /home/alex/Programming/ROS2/Ingenia/GSim-ISE24/create3_sim-main/build/irobot_create_toolbox
