[0.021s] Invoking command in '/home/alex/Programming/ROS2/Ingenia/GSim-ISE24/create3_sim-main/build/irobot_create_ignition_toolbox': AMENT_PREFIX_PATH=/home/alex/Programming/ROS2/Ingenia/GSim-ISE24/create3_sim-main/install/irobot_create_toolbox:${AMENT_PREFIX_PATH} CMAKE_PREFIX_PATH=/home/alex/Programming/ROS2/Ingenia/GSim-ISE24/create3_sim-main/install/irobot_create_toolbox:/opt/ros/humble LD_LIBRARY_PATH=/home/alex/Programming/ROS2/Ingenia/GSim-ISE24/create3_sim-main/install/irobot_create_toolbox/lib:${LD_LIBRARY_PATH} /usr/bin/cmake /home/alex/Programming/ROS2/Ingenia/GSim-ISE24/create3_sim-main/src/irobot_create_ignition/irobot_create_ignition_toolbox -DAMENT_CMAKE_SYMLINK_INSTALL=1 -DCMAKE_INSTALL_PREFIX=/home/alex/Programming/ROS2/Ingenia/GSim-ISE24/create3_sim-main/install/irobot_create_ignition_toolbox
[0.122s] -- The C compiler identification is GNU 11.4.0
[0.234s] -- The CXX compiler identification is GNU 11.4.0
[0.249s] -- Detecting C compiler ABI info
[0.356s] -- Detecting C compiler ABI info - done
[0.368s] -- Check for working C compiler: /usr/bin/cc - skipped
[0.369s] -- Detecting C compile features
[0.369s] -- Detecting C compile features - done
[0.374s] -- Detecting CXX compiler ABI info
[0.487s] -- Detecting CXX compiler ABI info - done
[0.507s] -- Check for working CXX compiler: /usr/bin/c++ - skipped
[0.507s] -- Detecting CXX compile features
[0.508s] -- Detecting CXX compile features - done
[0.513s] -- Found ament_cmake: 1.3.8 (/opt/ros/humble/share/ament_cmake/cmake)
[0.815s] -- Found Python3: /usr/bin/python3 (found version "3.10.12") found components: Interpreter 
[0.908s] -- Override CMake install command with custom implementation using symlinks instead of copying resources
[0.961s] -- Found control_msgs: 4.4.0 (/opt/ros/humble/share/control_msgs/cmake)
[1.040s] -- Found rosidl_generator_c: 3.1.5 (/opt/ros/humble/share/rosidl_generator_c/cmake)
[1.051s] -- Found rosidl_adapter: 3.1.5 (/opt/ros/humble/share/rosidl_adapter/cmake)
[1.069s] -- Found rosidl_generator_cpp: 3.1.5 (/opt/ros/humble/share/rosidl_generator_cpp/cmake)
[1.100s] -- Using all available rosidl_typesupport_c: rosidl_typesupport_fastrtps_c;rosidl_typesupport_introspection_c
[1.143s] -- Using all available rosidl_typesupport_cpp: rosidl_typesupport_fastrtps_cpp;rosidl_typesupport_introspection_cpp
[2.397s] -- Found nav_msgs: 4.2.3 (/opt/ros/humble/share/nav_msgs/cmake)
[2.605s] -- Found irobot_create_msgs: 2.1.0 (/opt/ros/humble/share/irobot_create_msgs/cmake)
[2.840s] -- Found rclcpp: 16.0.8 (/opt/ros/humble/share/rclcpp/cmake)
[2.924s] -- Found rmw_implementation_cmake: 6.1.1 (/opt/ros/humble/share/rmw_implementation_cmake/cmake)
[2.927s] -- Found rmw_fastrtps_cpp: 6.2.6 (/opt/ros/humble/share/rmw_fastrtps_cpp/cmake)
[3.066s] -- Found OpenSSL: /usr/lib/x86_64-linux-gnu/libcrypto.so (found version "3.0.2")  
[3.110s] -- Found FastRTPS: /opt/ros/humble/include  
[3.181s] -- Using RMW implementation 'rmw_fastrtps_cpp' as default
[3.195s] -- Looking for pthread.h
[3.287s] -- Looking for pthread.h - found
[3.288s] -- Performing Test CMAKE_HAVE_LIBC_PTHREAD
[3.406s] -- Performing Test CMAKE_HAVE_LIBC_PTHREAD - Success
[3.409s] -- Found Threads: TRUE  
[3.620s] -- Found rclcpp_action: 16.0.8 (/opt/ros/humble/share/rclcpp_action/cmake)
[3.662s] -- Found tf2: 0.25.6 (/opt/ros/humble/share/tf2/cmake)
[3.686s] -- Found tf2_geometry_msgs: 0.25.6 (/opt/ros/humble/share/tf2_geometry_msgs/cmake)
[3.712s] -- Found eigen3_cmake_module: 0.1.1 (/opt/ros/humble/share/eigen3_cmake_module/cmake)
[3.715s] -- Found Eigen3: TRUE (found version "3.4.0") 
[3.715s] -- Ensuring Eigen3 include directory is part of orocos-kdl CMake target
[4.155s] -- Found irobot_create_toolbox: 2.0.0 (/home/alex/Programming/ROS2/Ingenia/GSim-ISE24/create3_sim-main/install/irobot_create_toolbox/share/irobot_create_toolbox/cmake)
[5.414s] -- Found ament_lint_auto: 0.12.10 (/opt/ros/humble/share/ament_lint_auto/cmake)
[5.827s] -- Added test 'cppcheck' to perform static code analysis on C / C++ code
[5.829s] -- Configured cppcheck include dirs: /home/alex/Programming/ROS2/Ingenia/GSim-ISE24/create3_sim-main/src/irobot_create_ignition/irobot_create_ignition_toolbox/include
[5.829s] -- Configured cppcheck exclude dirs and/or files: 
[5.849s] -- Added test 'cpplint' to check C / C++ code against the Google style
[5.849s] -- Configured cpplint exclude dirs and/or files: 
[5.852s] -- Added test 'lint_cmake' to check CMake code style
[5.859s] -- Added test 'uncrustify' to check C / C++ code style
[5.859s] -- Configured uncrustify additional arguments: 
[5.861s] -- Added test 'xmllint' to check XML markup files
[5.886s] -- Configuring done
[6.152s] -- Generating done
[6.175s] -- Build files have been written to: /home/alex/Programming/ROS2/Ingenia/GSim-ISE24/create3_sim-main/build/irobot_create_ignition_toolbox
[6.249s] Invoked command in '/home/alex/Programming/ROS2/Ingenia/GSim-ISE24/create3_sim-main/build/irobot_create_ignition_toolbox' returned '0': AMENT_PREFIX_PATH=/home/alex/Programming/ROS2/Ingenia/GSim-ISE24/create3_sim-main/install/irobot_create_toolbox:${AMENT_PREFIX_PATH} CMAKE_PREFIX_PATH=/home/alex/Programming/ROS2/Ingenia/GSim-ISE24/create3_sim-main/install/irobot_create_toolbox:/opt/ros/humble LD_LIBRARY_PATH=/home/alex/Programming/ROS2/Ingenia/GSim-ISE24/create3_sim-main/install/irobot_create_toolbox/lib:${LD_LIBRARY_PATH} /usr/bin/cmake /home/alex/Programming/ROS2/Ingenia/GSim-ISE24/create3_sim-main/src/irobot_create_ignition/irobot_create_ignition_toolbox -DAMENT_CMAKE_SYMLINK_INSTALL=1 -DCMAKE_INSTALL_PREFIX=/home/alex/Programming/ROS2/Ingenia/GSim-ISE24/create3_sim-main/install/irobot_create_ignition_toolbox
[6.250s] Invoking command in '/home/alex/Programming/ROS2/Ingenia/GSim-ISE24/create3_sim-main/build/irobot_create_ignition_toolbox': AMENT_PREFIX_PATH=/home/alex/Programming/ROS2/Ingenia/GSim-ISE24/create3_sim-main/install/irobot_create_toolbox:${AMENT_PREFIX_PATH} CMAKE_PREFIX_PATH=/home/alex/Programming/ROS2/Ingenia/GSim-ISE24/create3_sim-main/install/irobot_create_toolbox:/opt/ros/humble LD_LIBRARY_PATH=/home/alex/Programming/ROS2/Ingenia/GSim-ISE24/create3_sim-main/install/irobot_create_toolbox/lib:${LD_LIBRARY_PATH} /usr/bin/cmake --build /home/alex/Programming/ROS2/Ingenia/GSim-ISE24/create3_sim-main/build/irobot_create_ignition_toolbox -- -j8 -l8
[6.601s] [  5%] [32mBuilding CXX object CMakeFiles/irobot_create_ignition_pose_republisher_lib.dir/src/pose_republisher/pose_republisher_node.cpp.o[0m
[6.618s] [ 11%] [32mBuilding CXX object CMakeFiles/irobot_create_ignition_sensors_lib.dir/src/sensors/sensors_node.cpp.o[0m
[6.622s] [ 16%] [32mBuilding CXX object CMakeFiles/irobot_create_ignition_interface_buttons_lib.dir/src/interface_buttons/interface_buttons_node.cpp.o[0m
[6.656s] [ 22%] [32mBuilding CXX object CMakeFiles/irobot_create_ignition_sensors_lib.dir/src/sensors/cliff.cpp.o[0m
[6.658s] [ 27%] [32mBuilding CXX object CMakeFiles/irobot_create_ignition_sensors_lib.dir/src/sensors/bumper.cpp.o[0m
[6.697s] [ 33%] [32mBuilding CXX object CMakeFiles/irobot_create_ignition_sensors_lib.dir/src/sensors/ir_intensity.cpp.o[0m
[6.717s] [ 38%] [32mBuilding CXX object CMakeFiles/irobot_create_ignition_sensors_lib.dir/src/sensors/ir_opcode.cpp.o[0m
[6.756s] [ 44%] [32mBuilding CXX object CMakeFiles/irobot_create_ignition_sensors_lib.dir/src/sensors/mouse.cpp.o[0m
[59.746s] [ 50%] [32m[1mLinking CXX shared library libirobot_create_ignition_interface_buttons_lib.so[0m
[63.989s] [ 50%] Built target irobot_create_ignition_interface_buttons_lib
[78.243s] [ 55%] [32m[1mLinking CXX shared library libirobot_create_ignition_pose_republisher_lib.so[0m
[79.219s] [ 61%] [32mBuilding CXX object CMakeFiles/irobot_create_ignition_sensors_lib.dir/src/sensors/wheel_drop.cpp.o[0m
[79.703s] [ 61%] Built target irobot_create_ignition_pose_republisher_lib
[91.232s] [ 66%] [32m[1mLinking CXX shared library libirobot_create_ignition_sensors_lib.so[0m
[94.984s] [ 66%] Built target irobot_create_ignition_sensors_lib
[95.019s] [ 72%] [32mBuilding CXX object CMakeFiles/pose_republisher_node.dir/src/pose_republisher/pose_republisher_main.cpp.o[0m
[106.291s] [ 77%] [32m[1mLinking CXX executable pose_republisher_node[0m
[107.751s] [ 77%] Built target pose_republisher_node
[107.848s] [ 83%] [32mBuilding CXX object CMakeFiles/sensors_node.dir/src/sensors/sensors_main.cpp.o[0m
[130.934s] [ 88%] [32m[1mLinking CXX executable sensors_node[0m
[133.771s] [ 88%] Built target sensors_node
[133.869s] [ 94%] [32mBuilding CXX object CMakeFiles/interface_buttons_node.dir/src/interface_buttons/interface_buttons_main.cpp.o[0m
[147.197s] [100%] [32m[1mLinking CXX executable interface_buttons_node[0m
[148.784s] [100%] Built target interface_buttons_node
[148.949s] Invoked command in '/home/alex/Programming/ROS2/Ingenia/GSim-ISE24/create3_sim-main/build/irobot_create_ignition_toolbox' returned '0': AMENT_PREFIX_PATH=/home/alex/Programming/ROS2/Ingenia/GSim-ISE24/create3_sim-main/install/irobot_create_toolbox:${AMENT_PREFIX_PATH} CMAKE_PREFIX_PATH=/home/alex/Programming/ROS2/Ingenia/GSim-ISE24/create3_sim-main/install/irobot_create_toolbox:/opt/ros/humble LD_LIBRARY_PATH=/home/alex/Programming/ROS2/Ingenia/GSim-ISE24/create3_sim-main/install/irobot_create_toolbox/lib:${LD_LIBRARY_PATH} /usr/bin/cmake --build /home/alex/Programming/ROS2/Ingenia/GSim-ISE24/create3_sim-main/build/irobot_create_ignition_toolbox -- -j8 -l8
[149.410s] Invoking command in '/home/alex/Programming/ROS2/Ingenia/GSim-ISE24/create3_sim-main/build/irobot_create_ignition_toolbox': AMENT_PREFIX_PATH=/home/alex/Programming/ROS2/Ingenia/GSim-ISE24/create3_sim-main/install/irobot_create_toolbox:${AMENT_PREFIX_PATH} CMAKE_PREFIX_PATH=/home/alex/Programming/ROS2/Ingenia/GSim-ISE24/create3_sim-main/install/irobot_create_toolbox:/opt/ros/humble LD_LIBRARY_PATH=/home/alex/Programming/ROS2/Ingenia/GSim-ISE24/create3_sim-main/install/irobot_create_toolbox/lib:${LD_LIBRARY_PATH} /usr/bin/cmake --install /home/alex/Programming/ROS2/Ingenia/GSim-ISE24/create3_sim-main/build/irobot_create_ignition_toolbox
[149.475s] -- Install configuration: ""
[149.483s] -- Execute custom install script
[149.486s] -- Symlinking: /home/alex/Programming/ROS2/Ingenia/GSim-ISE24/create3_sim-main/install/irobot_create_ignition_toolbox/lib/libirobot_create_ignition_pose_republisher_lib.so
[149.546s] -- Symlinking: /home/alex/Programming/ROS2/Ingenia/GSim-ISE24/create3_sim-main/install/irobot_create_ignition_toolbox/lib/libirobot_create_ignition_sensors_lib.so
[149.610s] -- Symlinking: /home/alex/Programming/ROS2/Ingenia/GSim-ISE24/create3_sim-main/install/irobot_create_ignition_toolbox/lib/libirobot_create_ignition_interface_buttons_lib.so
[149.674s] -- Symlinking: /home/alex/Programming/ROS2/Ingenia/GSim-ISE24/create3_sim-main/install/irobot_create_ignition_toolbox/lib/irobot_create_ignition_toolbox/pose_republisher_node
[149.737s] -- Symlinking: /home/alex/Programming/ROS2/Ingenia/GSim-ISE24/create3_sim-main/install/irobot_create_ignition_toolbox/lib/irobot_create_ignition_toolbox/sensors_node
[149.800s] -- Symlinking: /home/alex/Programming/ROS2/Ingenia/GSim-ISE24/create3_sim-main/install/irobot_create_ignition_toolbox/lib/irobot_create_ignition_toolbox/interface_buttons_node
[149.864s] -- Symlinking: /home/alex/Programming/ROS2/Ingenia/GSim-ISE24/create3_sim-main/install/irobot_create_ignition_toolbox/include/irobot_create_ignition_toolbox/interface_buttons/interface_buttons_node.hpp
[149.921s] -- Symlinking: /home/alex/Programming/ROS2/Ingenia/GSim-ISE24/create3_sim-main/install/irobot_create_ignition_toolbox/include/irobot_create_ignition_toolbox/pose_republisher/pose_republisher.hpp
[149.981s] -- Symlinking: /home/alex/Programming/ROS2/Ingenia/GSim-ISE24/create3_sim-main/install/irobot_create_ignition_toolbox/include/irobot_create_ignition_toolbox/sensors/bumper.hpp
[150.045s] -- Symlinking: /home/alex/Programming/ROS2/Ingenia/GSim-ISE24/create3_sim-main/install/irobot_create_ignition_toolbox/include/irobot_create_ignition_toolbox/sensors/cliff.hpp
[150.109s] -- Symlinking: /home/alex/Programming/ROS2/Ingenia/GSim-ISE24/create3_sim-main/install/irobot_create_ignition_toolbox/include/irobot_create_ignition_toolbox/sensors/ir_intensity.hpp
[150.170s] -- Symlinking: /home/alex/Programming/ROS2/Ingenia/GSim-ISE24/create3_sim-main/install/irobot_create_ignition_toolbox/include/irobot_create_ignition_toolbox/sensors/ir_opcode.hpp
[150.233s] -- Symlinking: /home/alex/Programming/ROS2/Ingenia/GSim-ISE24/create3_sim-main/install/irobot_create_ignition_toolbox/include/irobot_create_ignition_toolbox/sensors/mouse.hpp
[150.295s] -- Symlinking: /home/alex/Programming/ROS2/Ingenia/GSim-ISE24/create3_sim-main/install/irobot_create_ignition_toolbox/include/irobot_create_ignition_toolbox/sensors/sensors_node.hpp
[150.356s] -- Symlinking: /home/alex/Programming/ROS2/Ingenia/GSim-ISE24/create3_sim-main/install/irobot_create_ignition_toolbox/include/irobot_create_ignition_toolbox/sensors/wheel_drop.hpp
[150.420s] -- Symlinking: /home/alex/Programming/ROS2/Ingenia/GSim-ISE24/create3_sim-main/install/irobot_create_ignition_toolbox/include/irobot_create_ignition_toolbox/utils.hpp
[150.485s] -- Symlinking: /home/alex/Programming/ROS2/Ingenia/GSim-ISE24/create3_sim-main/install/irobot_create_ignition_toolbox/share/irobot_create_ignition_toolbox/environment/library_path.sh
[150.605s] -- Symlinking: /home/alex/Programming/ROS2/Ingenia/GSim-ISE24/create3_sim-main/install/irobot_create_ignition_toolbox/share/irobot_create_ignition_toolbox/environment/library_path.dsv
[150.668s] -- Symlinking: /home/alex/Programming/ROS2/Ingenia/GSim-ISE24/create3_sim-main/install/irobot_create_ignition_toolbox/share/ament_index/resource_index/package_run_dependencies/irobot_create_ignition_toolbox
[150.740s] -- Symlinking: /home/alex/Programming/ROS2/Ingenia/GSim-ISE24/create3_sim-main/install/irobot_create_ignition_toolbox/share/ament_index/resource_index/parent_prefix_path/irobot_create_ignition_toolbox
[150.811s] -- Symlinking: /home/alex/Programming/ROS2/Ingenia/GSim-ISE24/create3_sim-main/install/irobot_create_ignition_toolbox/share/irobot_create_ignition_toolbox/environment/ament_prefix_path.sh
[150.890s] -- Symlinking: /home/alex/Programming/ROS2/Ingenia/GSim-ISE24/create3_sim-main/install/irobot_create_ignition_toolbox/share/irobot_create_ignition_toolbox/environment/ament_prefix_path.dsv
[150.955s] -- Symlinking: /home/alex/Programming/ROS2/Ingenia/GSim-ISE24/create3_sim-main/install/irobot_create_ignition_toolbox/share/irobot_create_ignition_toolbox/environment/path.sh
[151.025s] -- Symlinking: /home/alex/Programming/ROS2/Ingenia/GSim-ISE24/create3_sim-main/install/irobot_create_ignition_toolbox/share/irobot_create_ignition_toolbox/environment/path.dsv
[151.095s] -- Symlinking: /home/alex/Programming/ROS2/Ingenia/GSim-ISE24/create3_sim-main/install/irobot_create_ignition_toolbox/share/irobot_create_ignition_toolbox/local_setup.bash
[151.157s] -- Symlinking: /home/alex/Programming/ROS2/Ingenia/GSim-ISE24/create3_sim-main/install/irobot_create_ignition_toolbox/share/irobot_create_ignition_toolbox/local_setup.sh
[151.224s] -- Symlinking: /home/alex/Programming/ROS2/Ingenia/GSim-ISE24/create3_sim-main/install/irobot_create_ignition_toolbox/share/irobot_create_ignition_toolbox/local_setup.zsh
[151.296s] -- Symlinking: /home/alex/Programming/ROS2/Ingenia/GSim-ISE24/create3_sim-main/install/irobot_create_ignition_toolbox/share/irobot_create_ignition_toolbox/local_setup.dsv
[151.369s] -- Symlinking: /home/alex/Programming/ROS2/Ingenia/GSim-ISE24/create3_sim-main/install/irobot_create_ignition_toolbox/share/irobot_create_ignition_toolbox/package.dsv
[151.435s] -- Symlinking: /home/alex/Programming/ROS2/Ingenia/GSim-ISE24/create3_sim-main/install/irobot_create_ignition_toolbox/share/ament_index/resource_index/packages/irobot_create_ignition_toolbox
[151.503s] -- Symlinking: /home/alex/Programming/ROS2/Ingenia/GSim-ISE24/create3_sim-main/install/irobot_create_ignition_toolbox/share/irobot_create_ignition_toolbox/cmake/ament_cmake_export_include_directories-extras.cmake
[151.572s] -- Symlinking: /home/alex/Programming/ROS2/Ingenia/GSim-ISE24/create3_sim-main/install/irobot_create_ignition_toolbox/share/irobot_create_ignition_toolbox/cmake/ament_cmake_export_libraries-extras.cmake
[151.638s] -- Symlinking: /home/alex/Programming/ROS2/Ingenia/GSim-ISE24/create3_sim-main/install/irobot_create_ignition_toolbox/share/irobot_create_ignition_toolbox/cmake/ament_cmake_export_dependencies-extras.cmake
[151.715s] -- Symlinking: /home/alex/Programming/ROS2/Ingenia/GSim-ISE24/create3_sim-main/install/irobot_create_ignition_toolbox/share/irobot_create_ignition_toolbox/cmake/irobot_create_ignition_toolboxConfig.cmake
[151.786s] -- Symlinking: /home/alex/Programming/ROS2/Ingenia/GSim-ISE24/create3_sim-main/install/irobot_create_ignition_toolbox/share/irobot_create_ignition_toolbox/cmake/irobot_create_ignition_toolboxConfig-version.cmake
[151.852s] -- Symlinking: /home/alex/Programming/ROS2/Ingenia/GSim-ISE24/create3_sim-main/install/irobot_create_ignition_toolbox/share/irobot_create_ignition_toolbox/package.xml
[151.935s] Invoked command in '/home/alex/Programming/ROS2/Ingenia/GSim-ISE24/create3_sim-main/build/irobot_create_ignition_toolbox' returned '0': AMENT_PREFIX_PATH=/home/alex/Programming/ROS2/Ingenia/GSim-ISE24/create3_sim-main/install/irobot_create_toolbox:${AMENT_PREFIX_PATH} CMAKE_PREFIX_PATH=/home/alex/Programming/ROS2/Ingenia/GSim-ISE24/create3_sim-main/install/irobot_create_toolbox:/opt/ros/humble LD_LIBRARY_PATH=/home/alex/Programming/ROS2/Ingenia/GSim-ISE24/create3_sim-main/install/irobot_create_toolbox/lib:${LD_LIBRARY_PATH} /usr/bin/cmake --install /home/alex/Programming/ROS2/Ingenia/GSim-ISE24/create3_sim-main/build/irobot_create_ignition_toolbox
