[0.073s] Invoking command in '/home/alex/Programming/ROS2/Ingenia/GSim-ISE24/create3_sim-main/build/irobot_create_common_bringup': AMENT_PREFIX_PATH=/home/alex/Programming/ROS2/Ingenia/GSim-ISE24/create3_sim-main/install/irobot_create_nodes:/home/alex/Programming/ROS2/Ingenia/GSim-ISE24/create3_sim-main/install/irobot_create_description:/home/alex/Programming/ROS2/Ingenia/GSim-ISE24/create3_sim-main/install/irobot_create_toolbox:/home/alex/Programming/ROS2/Ingenia/GSim-ISE24/create3_sim-main/install/irobot_create_control:${AMENT_PREFIX_PATH} CMAKE_PREFIX_PATH=/home/alex/Programming/ROS2/Ingenia/GSim-ISE24/create3_sim-main/install/irobot_create_nodes:/home/alex/Programming/ROS2/Ingenia/GSim-ISE24/create3_sim-main/install/irobot_create_description:/home/alex/Programming/ROS2/Ingenia/GSim-ISE24/create3_sim-main/install/irobot_create_toolbox:/home/alex/Programming/ROS2/Ingenia/GSim-ISE24/create3_sim-main/install/irobot_create_control:/opt/ros/humble LD_LIBRARY_PATH=/home/alex/Programming/ROS2/Ingenia/GSim-ISE24/create3_sim-main/install/irobot_create_nodes/lib:/home/alex/Programming/ROS2/Ingenia/GSim-ISE24/create3_sim-main/install/irobot_create_toolbox/lib:${LD_LIBRARY_PATH} /usr/bin/cmake /home/alex/Programming/ROS2/Ingenia/GSim-ISE24/create3_sim-main/src/irobot_create_common/irobot_create_common_bringup -DAMENT_CMAKE_SYMLINK_INSTALL=1 -DCMAKE_INSTALL_PREFIX=/home/alex/Programming/ROS2/Ingenia/GSim-ISE24/create3_sim-main/install/irobot_create_common_bringup
[0.362s] -- The C compiler identification is GNU 11.4.0
[0.619s] -- The CXX compiler identification is GNU 11.4.0
[0.655s] -- Detecting C compiler ABI info
[0.960s] -- Detecting C compiler ABI info - done
[0.995s] -- Check for working C compiler: /usr/bin/cc - skipped
[0.999s] -- Detecting C compile features
[1.001s] -- Detecting C compile features - done
[1.015s] -- Detecting CXX compiler ABI info
[1.366s] -- Detecting CXX compiler ABI info - done
[1.402s] -- Check for working CXX compiler: /usr/bin/c++ - skipped
[1.404s] -- Detecting CXX compile features
[1.406s] -- Detecting CXX compile features - done
[1.432s] -- Found ament_cmake: 1.3.8 (/opt/ros/humble/share/ament_cmake/cmake)
[2.217s] -- Found Python3: /usr/bin/python3 (found version "3.10.12") found components: Interpreter 
[2.520s] -- Override CMake install command with custom implementation using symlinks instead of copying resources
[3.091s] -- Found ament_lint_auto: 0.12.10 (/opt/ros/humble/share/ament_lint_auto/cmake)
[3.483s] -- Added test 'flake8' to check Python code syntax and style conventions
[3.488s] -- Added test 'lint_cmake' to check CMake code style
[3.491s] -- Added test 'pep257' to check Python code against some of the docstring style conventions in PEP 257
[3.500s] -- Added test 'xmllint' to check XML markup files
[3.509s] -- Configuring done
[3.527s] -- Generating done
[3.532s] -- Build files have been written to: /home/alex/Programming/ROS2/Ingenia/GSim-ISE24/create3_sim-main/build/irobot_create_common_bringup
[3.549s] Invoked command in '/home/alex/Programming/ROS2/Ingenia/GSim-ISE24/create3_sim-main/build/irobot_create_common_bringup' returned '0': AMENT_PREFIX_PATH=/home/alex/Programming/ROS2/Ingenia/GSim-ISE24/create3_sim-main/install/irobot_create_nodes:/home/alex/Programming/ROS2/Ingenia/GSim-ISE24/create3_sim-main/install/irobot_create_description:/home/alex/Programming/ROS2/Ingenia/GSim-ISE24/create3_sim-main/install/irobot_create_toolbox:/home/alex/Programming/ROS2/Ingenia/GSim-ISE24/create3_sim-main/install/irobot_create_control:${AMENT_PREFIX_PATH} CMAKE_PREFIX_PATH=/home/alex/Programming/ROS2/Ingenia/GSim-ISE24/create3_sim-main/install/irobot_create_nodes:/home/alex/Programming/ROS2/Ingenia/GSim-ISE24/create3_sim-main/install/irobot_create_description:/home/alex/Programming/ROS2/Ingenia/GSim-ISE24/create3_sim-main/install/irobot_create_toolbox:/home/alex/Programming/ROS2/Ingenia/GSim-ISE24/create3_sim-main/install/irobot_create_control:/opt/ros/humble LD_LIBRARY_PATH=/home/alex/Programming/ROS2/Ingenia/GSim-ISE24/create3_sim-main/install/irobot_create_nodes/lib:/home/alex/Programming/ROS2/Ingenia/GSim-ISE24/create3_sim-main/install/irobot_create_toolbox/lib:${LD_LIBRARY_PATH} /usr/bin/cmake /home/alex/Programming/ROS2/Ingenia/GSim-ISE24/create3_sim-main/src/irobot_create_common/irobot_create_common_bringup -DAMENT_CMAKE_SYMLINK_INSTALL=1 -DCMAKE_INSTALL_PREFIX=/home/alex/Programming/ROS2/Ingenia/GSim-ISE24/create3_sim-main/install/irobot_create_common_bringup
[3.558s] Invoking command in '/home/alex/Programming/ROS2/Ingenia/GSim-ISE24/create3_sim-main/build/irobot_create_common_bringup': AMENT_PREFIX_PATH=/home/alex/Programming/ROS2/Ingenia/GSim-ISE24/create3_sim-main/install/irobot_create_nodes:/home/alex/Programming/ROS2/Ingenia/GSim-ISE24/create3_sim-main/install/irobot_create_description:/home/alex/Programming/ROS2/Ingenia/GSim-ISE24/create3_sim-main/install/irobot_create_toolbox:/home/alex/Programming/ROS2/Ingenia/GSim-ISE24/create3_sim-main/install/irobot_create_control:${AMENT_PREFIX_PATH} CMAKE_PREFIX_PATH=/home/alex/Programming/ROS2/Ingenia/GSim-ISE24/create3_sim-main/install/irobot_create_nodes:/home/alex/Programming/ROS2/Ingenia/GSim-ISE24/create3_sim-main/install/irobot_create_description:/home/alex/Programming/ROS2/Ingenia/GSim-ISE24/create3_sim-main/install/irobot_create_toolbox:/home/alex/Programming/ROS2/Ingenia/GSim-ISE24/create3_sim-main/install/irobot_create_control:/opt/ros/humble LD_LIBRARY_PATH=/home/alex/Programming/ROS2/Ingenia/GSim-ISE24/create3_sim-main/install/irobot_create_nodes/lib:/home/alex/Programming/ROS2/Ingenia/GSim-ISE24/create3_sim-main/install/irobot_create_toolbox/lib:${LD_LIBRARY_PATH} /usr/bin/cmake --build /home/alex/Programming/ROS2/Ingenia/GSim-ISE24/create3_sim-main/build/irobot_create_common_bringup -- -j8 -l8
[3.802s] Built target ament_cmake_python_symlink_irobot_create_common_bringup
[5.315s] running egg_info
[5.317s] creating irobot_create_common_bringup.egg-info
[5.318s] writing irobot_create_common_bringup.egg-info/PKG-INFO
[5.318s] writing dependency_links to irobot_create_common_bringup.egg-info/dependency_links.txt
[5.319s] writing top-level names to irobot_create_common_bringup.egg-info/top_level.txt
[5.320s] writing manifest file 'irobot_create_common_bringup.egg-info/SOURCES.txt'
[5.332s] reading manifest file 'irobot_create_common_bringup.egg-info/SOURCES.txt'
[5.335s] writing manifest file 'irobot_create_common_bringup.egg-info/SOURCES.txt'
[5.440s] Built target ament_cmake_python_build_irobot_create_common_bringup_egg
[5.488s] Invoked command in '/home/alex/Programming/ROS2/Ingenia/GSim-ISE24/create3_sim-main/build/irobot_create_common_bringup' returned '0': AMENT_PREFIX_PATH=/home/alex/Programming/ROS2/Ingenia/GSim-ISE24/create3_sim-main/install/irobot_create_nodes:/home/alex/Programming/ROS2/Ingenia/GSim-ISE24/create3_sim-main/install/irobot_create_description:/home/alex/Programming/ROS2/Ingenia/GSim-ISE24/create3_sim-main/install/irobot_create_toolbox:/home/alex/Programming/ROS2/Ingenia/GSim-ISE24/create3_sim-main/install/irobot_create_control:${AMENT_PREFIX_PATH} CMAKE_PREFIX_PATH=/home/alex/Programming/ROS2/Ingenia/GSim-ISE24/create3_sim-main/install/irobot_create_nodes:/home/alex/Programming/ROS2/Ingenia/GSim-ISE24/create3_sim-main/install/irobot_create_description:/home/alex/Programming/ROS2/Ingenia/GSim-ISE24/create3_sim-main/install/irobot_create_toolbox:/home/alex/Programming/ROS2/Ingenia/GSim-ISE24/create3_sim-main/install/irobot_create_control:/opt/ros/humble LD_LIBRARY_PATH=/home/alex/Programming/ROS2/Ingenia/GSim-ISE24/create3_sim-main/install/irobot_create_nodes/lib:/home/alex/Programming/ROS2/Ingenia/GSim-ISE24/create3_sim-main/install/irobot_create_toolbox/lib:${LD_LIBRARY_PATH} /usr/bin/cmake --build /home/alex/Programming/ROS2/Ingenia/GSim-ISE24/create3_sim-main/build/irobot_create_common_bringup -- -j8 -l8
[5.593s] Invoking command in '/home/alex/Programming/ROS2/Ingenia/GSim-ISE24/create3_sim-main/build/irobot_create_common_bringup': AMENT_PREFIX_PATH=/home/alex/Programming/ROS2/Ingenia/GSim-ISE24/create3_sim-main/install/irobot_create_nodes:/home/alex/Programming/ROS2/Ingenia/GSim-ISE24/create3_sim-main/install/irobot_create_description:/home/alex/Programming/ROS2/Ingenia/GSim-ISE24/create3_sim-main/install/irobot_create_toolbox:/home/alex/Programming/ROS2/Ingenia/GSim-ISE24/create3_sim-main/install/irobot_create_control:${AMENT_PREFIX_PATH} CMAKE_PREFIX_PATH=/home/alex/Programming/ROS2/Ingenia/GSim-ISE24/create3_sim-main/install/irobot_create_nodes:/home/alex/Programming/ROS2/Ingenia/GSim-ISE24/create3_sim-main/install/irobot_create_description:/home/alex/Programming/ROS2/Ingenia/GSim-ISE24/create3_sim-main/install/irobot_create_toolbox:/home/alex/Programming/ROS2/Ingenia/GSim-ISE24/create3_sim-main/install/irobot_create_control:/opt/ros/humble LD_LIBRARY_PATH=/home/alex/Programming/ROS2/Ingenia/GSim-ISE24/create3_sim-main/install/irobot_create_nodes/lib:/home/alex/Programming/ROS2/Ingenia/GSim-ISE24/create3_sim-main/install/irobot_create_toolbox/lib:${LD_LIBRARY_PATH} /usr/bin/cmake --install /home/alex/Programming/ROS2/Ingenia/GSim-ISE24/create3_sim-main/build/irobot_create_common_bringup
[5.631s] -- Install configuration: ""
[5.633s] -- Execute custom install script
[5.635s] -- Symlinking: /home/alex/Programming/ROS2/Ingenia/GSim-ISE24/create3_sim-main/install/irobot_create_common_bringup/share/irobot_create_common_bringup/config/hazard_vector_params.yaml
[5.674s] -- Symlinking: /home/alex/Programming/ROS2/Ingenia/GSim-ISE24/create3_sim-main/install/irobot_create_common_bringup/share/irobot_create_common_bringup/config/ir_intensity_vector_params.yaml
[5.714s] -- Symlinking: /home/alex/Programming/ROS2/Ingenia/GSim-ISE24/create3_sim-main/install/irobot_create_common_bringup/share/irobot_create_common_bringup/config/kidnap_estimator_params.yaml
[5.753s] -- Symlinking: /home/alex/Programming/ROS2/Ingenia/GSim-ISE24/create3_sim-main/install/irobot_create_common_bringup/share/irobot_create_common_bringup/config/mock_params.yaml
[5.791s] -- Symlinking: /home/alex/Programming/ROS2/Ingenia/GSim-ISE24/create3_sim-main/install/irobot_create_common_bringup/share/irobot_create_common_bringup/config/robot_state_params.yaml
[5.832s] -- Symlinking: /home/alex/Programming/ROS2/Ingenia/GSim-ISE24/create3_sim-main/install/irobot_create_common_bringup/share/irobot_create_common_bringup/config/ui_mgr_params.yaml
[5.871s] -- Symlinking: /home/alex/Programming/ROS2/Ingenia/GSim-ISE24/create3_sim-main/install/irobot_create_common_bringup/share/irobot_create_common_bringup/config/wheel_status_params.yaml
[5.911s] -- Symlinking: /home/alex/Programming/ROS2/Ingenia/GSim-ISE24/create3_sim-main/install/irobot_create_common_bringup/share/irobot_create_common_bringup/launch/create3_nodes.launch.py
[5.949s] -- Symlinking: /home/alex/Programming/ROS2/Ingenia/GSim-ISE24/create3_sim-main/install/irobot_create_common_bringup/share/irobot_create_common_bringup/launch/dock_description.launch.py
[5.988s] -- Symlinking: /home/alex/Programming/ROS2/Ingenia/GSim-ISE24/create3_sim-main/install/irobot_create_common_bringup/share/irobot_create_common_bringup/launch/robot_description.launch.py
[6.028s] -- Symlinking: /home/alex/Programming/ROS2/Ingenia/GSim-ISE24/create3_sim-main/install/irobot_create_common_bringup/share/irobot_create_common_bringup/launch/rviz2.launch.py
[6.067s] -- Symlinking: /home/alex/Programming/ROS2/Ingenia/GSim-ISE24/create3_sim-main/install/irobot_create_common_bringup/share/irobot_create_common_bringup/rviz/irobot_create_view.rviz
[6.106s] -- Symlinking: /home/alex/Programming/ROS2/Ingenia/GSim-ISE24/create3_sim-main/install/irobot_create_common_bringup/share/irobot_create_common_bringup/rviz/irobot_logo.jpg
[6.146s] -- Symlinking: /home/alex/Programming/ROS2/Ingenia/GSim-ISE24/create3_sim-main/install/irobot_create_common_bringup/share/irobot_create_common_bringup/environment/pythonpath.sh
[6.183s] -- Symlinking: /home/alex/Programming/ROS2/Ingenia/GSim-ISE24/create3_sim-main/install/irobot_create_common_bringup/share/irobot_create_common_bringup/environment/pythonpath.dsv
[6.224s] -- Symlinking: /home/alex/Programming/ROS2/Ingenia/GSim-ISE24/create3_sim-main/install/irobot_create_common_bringup/local/lib/python3.10/dist-packages/irobot_create_common_bringup-2.0.0-py3.10.egg-info/PKG-INFO
[6.262s] -- Symlinking: /home/alex/Programming/ROS2/Ingenia/GSim-ISE24/create3_sim-main/install/irobot_create_common_bringup/local/lib/python3.10/dist-packages/irobot_create_common_bringup-2.0.0-py3.10.egg-info/SOURCES.txt
[6.301s] -- Symlinking: /home/alex/Programming/ROS2/Ingenia/GSim-ISE24/create3_sim-main/install/irobot_create_common_bringup/local/lib/python3.10/dist-packages/irobot_create_common_bringup-2.0.0-py3.10.egg-info/dependency_links.txt
[6.340s] -- Symlinking: /home/alex/Programming/ROS2/Ingenia/GSim-ISE24/create3_sim-main/install/irobot_create_common_bringup/local/lib/python3.10/dist-packages/irobot_create_common_bringup-2.0.0-py3.10.egg-info/top_level.txt
[6.379s] -- Symlinking: /home/alex/Programming/ROS2/Ingenia/GSim-ISE24/create3_sim-main/install/irobot_create_common_bringup/local/lib/python3.10/dist-packages/irobot_create_common_bringup/__init__.py
[6.419s] -- Symlinking: /home/alex/Programming/ROS2/Ingenia/GSim-ISE24/create3_sim-main/install/irobot_create_common_bringup/local/lib/python3.10/dist-packages/irobot_create_common_bringup/namespace.py
[6.458s] -- Symlinking: /home/alex/Programming/ROS2/Ingenia/GSim-ISE24/create3_sim-main/install/irobot_create_common_bringup/local/lib/python3.10/dist-packages/irobot_create_common_bringup/offset.py
[6.497s] -- Symlinking: /home/alex/Programming/ROS2/Ingenia/GSim-ISE24/create3_sim-main/install/irobot_create_common_bringup/share/ament_index/resource_index/package_run_dependencies/irobot_create_common_bringup
[6.536s] -- Symlinking: /home/alex/Programming/ROS2/Ingenia/GSim-ISE24/create3_sim-main/install/irobot_create_common_bringup/share/ament_index/resource_index/parent_prefix_path/irobot_create_common_bringup
[6.576s] -- Symlinking: /home/alex/Programming/ROS2/Ingenia/GSim-ISE24/create3_sim-main/install/irobot_create_common_bringup/share/irobot_create_common_bringup/environment/ament_prefix_path.sh
[6.616s] -- Symlinking: /home/alex/Programming/ROS2/Ingenia/GSim-ISE24/create3_sim-main/install/irobot_create_common_bringup/share/irobot_create_common_bringup/environment/ament_prefix_path.dsv
[6.655s] -- Symlinking: /home/alex/Programming/ROS2/Ingenia/GSim-ISE24/create3_sim-main/install/irobot_create_common_bringup/share/irobot_create_common_bringup/environment/path.sh
[6.694s] -- Symlinking: /home/alex/Programming/ROS2/Ingenia/GSim-ISE24/create3_sim-main/install/irobot_create_common_bringup/share/irobot_create_common_bringup/environment/path.dsv
[6.733s] -- Symlinking: /home/alex/Programming/ROS2/Ingenia/GSim-ISE24/create3_sim-main/install/irobot_create_common_bringup/share/irobot_create_common_bringup/local_setup.bash
[6.772s] -- Symlinking: /home/alex/Programming/ROS2/Ingenia/GSim-ISE24/create3_sim-main/install/irobot_create_common_bringup/share/irobot_create_common_bringup/local_setup.sh
[6.810s] -- Symlinking: /home/alex/Programming/ROS2/Ingenia/GSim-ISE24/create3_sim-main/install/irobot_create_common_bringup/share/irobot_create_common_bringup/local_setup.zsh
[6.850s] -- Symlinking: /home/alex/Programming/ROS2/Ingenia/GSim-ISE24/create3_sim-main/install/irobot_create_common_bringup/share/irobot_create_common_bringup/local_setup.dsv
[6.889s] -- Symlinking: /home/alex/Programming/ROS2/Ingenia/GSim-ISE24/create3_sim-main/install/irobot_create_common_bringup/share/irobot_create_common_bringup/package.dsv
[6.928s] -- Symlinking: /home/alex/Programming/ROS2/Ingenia/GSim-ISE24/create3_sim-main/install/irobot_create_common_bringup/share/ament_index/resource_index/packages/irobot_create_common_bringup
[6.967s] -- Symlinking: /home/alex/Programming/ROS2/Ingenia/GSim-ISE24/create3_sim-main/install/irobot_create_common_bringup/share/irobot_create_common_bringup/cmake/irobot_create_common_bringupConfig.cmake
[7.005s] -- Symlinking: /home/alex/Programming/ROS2/Ingenia/GSim-ISE24/create3_sim-main/install/irobot_create_common_bringup/share/irobot_create_common_bringup/cmake/irobot_create_common_bringupConfig-version.cmake
[7.045s] -- Symlinking: /home/alex/Programming/ROS2/Ingenia/GSim-ISE24/create3_sim-main/install/irobot_create_common_bringup/share/irobot_create_common_bringup/package.xml
[7.228s] Listing '/home/alex/Programming/ROS2/Ingenia/GSim-ISE24/create3_sim-main/install/irobot_create_common_bringup/local/lib/python3.10/dist-packages/irobot_create_common_bringup'...
[7.229s] Compiling '/home/alex/Programming/ROS2/Ingenia/GSim-ISE24/create3_sim-main/install/irobot_create_common_bringup/local/lib/python3.10/dist-packages/irobot_create_common_bringup/__init__.py'...
[7.229s] Compiling '/home/alex/Programming/ROS2/Ingenia/GSim-ISE24/create3_sim-main/install/irobot_create_common_bringup/local/lib/python3.10/dist-packages/irobot_create_common_bringup/namespace.py'...
[7.230s] Compiling '/home/alex/Programming/ROS2/Ingenia/GSim-ISE24/create3_sim-main/install/irobot_create_common_bringup/local/lib/python3.10/dist-packages/irobot_create_common_bringup/offset.py'...
[7.255s] Invoked command in '/home/alex/Programming/ROS2/Ingenia/GSim-ISE24/create3_sim-main/build/irobot_create_common_bringup' returned '0': AMENT_PREFIX_PATH=/home/alex/Programming/ROS2/Ingenia/GSim-ISE24/create3_sim-main/install/irobot_create_nodes:/home/alex/Programming/ROS2/Ingenia/GSim-ISE24/create3_sim-main/install/irobot_create_description:/home/alex/Programming/ROS2/Ingenia/GSim-ISE24/create3_sim-main/install/irobot_create_toolbox:/home/alex/Programming/ROS2/Ingenia/GSim-ISE24/create3_sim-main/install/irobot_create_control:${AMENT_PREFIX_PATH} CMAKE_PREFIX_PATH=/home/alex/Programming/ROS2/Ingenia/GSim-ISE24/create3_sim-main/install/irobot_create_nodes:/home/alex/Programming/ROS2/Ingenia/GSim-ISE24/create3_sim-main/install/irobot_create_description:/home/alex/Programming/ROS2/Ingenia/GSim-ISE24/create3_sim-main/install/irobot_create_toolbox:/home/alex/Programming/ROS2/Ingenia/GSim-ISE24/create3_sim-main/install/irobot_create_control:/opt/ros/humble LD_LIBRARY_PATH=/home/alex/Programming/ROS2/Ingenia/GSim-ISE24/create3_sim-main/install/irobot_create_nodes/lib:/home/alex/Programming/ROS2/Ingenia/GSim-ISE24/create3_sim-main/install/irobot_create_toolbox/lib:${LD_LIBRARY_PATH} /usr/bin/cmake --install /home/alex/Programming/ROS2/Ingenia/GSim-ISE24/create3_sim-main/build/irobot_create_common_bringup
