[0.013s] Invoking command in '/home/alex/Programming/ROS2/Ingenia/GSim-ISE24/create3_sim-main/build/irobot_create_ignition_plugins': CMAKE_PREFIX_PATH=/opt/ros/humble /usr/bin/cmake /home/alex/Programming/ROS2/Ingenia/GSim-ISE24/create3_sim-main/src/irobot_create_ignition/irobot_create_ignition_plugins -DAMENT_CMAKE_SYMLINK_INSTALL=1 -DCMAKE_INSTALL_PREFIX=/home/alex/Programming/ROS2/Ingenia/GSim-ISE24/create3_sim-main/install/irobot_create_ignition_plugins
[0.082s] -- The C compiler identification is GNU 11.4.0
[0.152s] -- The CXX compiler identification is GNU 11.4.0
[0.160s] -- Detecting C compiler ABI info
[0.252s] -- Detecting C compiler ABI info - done
[0.270s] -- Check for working C compiler: /usr/bin/cc - skipped
[0.270s] -- Detecting C compile features
[0.271s] -- Detecting C compile features - done
[0.277s] -- Detecting CXX compiler ABI info
[0.376s] -- Detecting CXX compiler ABI info - done
[0.386s] -- Check for working CXX compiler: /usr/bin/c++ - skipped
[0.386s] -- Detecting CXX compile features
[0.387s] -- Detecting CXX compile features - done
[0.389s] -- Found ament_cmake: 1.3.8 (/opt/ros/humble/share/ament_cmake/cmake)
[0.573s] -- Found Python3: /usr/bin/python3 (found version "3.10.12") found components: Interpreter 
[0.650s] -- Override CMake install command with custom implementation using symlinks instead of copying resources
[1.112s] -- Found Protobuf: /usr/lib/x86_64-linux-gnu/libprotobuf.so (found version "3.12.4") 
[1.275s] -- Found Protobuf: /usr/lib/x86_64-linux-gnu/libprotobuf.so (found suitable version "3.12.4", minimum required is "3") 
[2.124s] -- Found Protobuf: /usr/lib/x86_64-linux-gnu/libprotobuf.so (found version "3.12.4") 
[2.247s] -- Found ament_lint_auto: 0.12.10 (/opt/ros/humble/share/ament_lint_auto/cmake)
[2.350s] -- Added test 'cppcheck' to perform static code analysis on C / C++ code
[2.351s] -- Configured cppcheck include dirs: 
[2.351s] -- Configured cppcheck exclude dirs and/or files: 
[2.351s] -- Added test 'cpplint' to check C / C++ code against the Google style
[2.351s] -- Configured cpplint exclude dirs and/or files: 
[2.352s] -- Added test 'lint_cmake' to check CMake code style
[2.353s] -- Added test 'xmllint' to check XML markup files
[2.355s] -- Configuring done
[2.379s] -- Generating done
[2.386s] -- Build files have been written to: /home/alex/Programming/ROS2/Ingenia/GSim-ISE24/create3_sim-main/build/irobot_create_ignition_plugins
[2.404s] Invoked command in '/home/alex/Programming/ROS2/Ingenia/GSim-ISE24/create3_sim-main/build/irobot_create_ignition_plugins' returned '0': CMAKE_PREFIX_PATH=/opt/ros/humble /usr/bin/cmake /home/alex/Programming/ROS2/Ingenia/GSim-ISE24/create3_sim-main/src/irobot_create_ignition/irobot_create_ignition_plugins -DAMENT_CMAKE_SYMLINK_INSTALL=1 -DCMAKE_INSTALL_PREFIX=/home/alex/Programming/ROS2/Ingenia/GSim-ISE24/create3_sim-main/install/irobot_create_ignition_plugins
[2.406s] Invoking command in '/home/alex/Programming/ROS2/Ingenia/GSim-ISE24/create3_sim-main/build/irobot_create_ignition_plugins': CMAKE_PREFIX_PATH=/opt/ros/humble /usr/bin/cmake --build /home/alex/Programming/ROS2/Ingenia/GSim-ISE24/create3_sim-main/build/irobot_create_ignition_plugins -- -j8 -l8
[2.466s] [ 16%] [34m[1mAutomatic MOC for target Create3Hmi[0m
[4.658s] [ 16%] Built target Create3Hmi_autogen
[4.671s] [ 33%] [34m[1mGenerating qrc_Create3Hmi.cpp[0m
[4.701s] [ 83%] [32mBuilding CXX object Create3Hmi/CMakeFiles/Create3Hmi.dir/Create3Hmi_autogen/mocs_compilation.cpp.o[0m
[4.701s] [ 83%] [32mBuilding CXX object Create3Hmi/CMakeFiles/Create3Hmi.dir/Create3Hmi.cc.o[0m
[4.701s] [ 83%] [32mBuilding CXX object Create3Hmi/CMakeFiles/Create3Hmi.dir/qrc_Create3Hmi.cpp.o[0m
[42.796s] [100%] [32m[1mLinking CXX shared library libCreate3Hmi.so[0m
[46.002s] [100%] Built target Create3Hmi
[46.136s] Invoked command in '/home/alex/Programming/ROS2/Ingenia/GSim-ISE24/create3_sim-main/build/irobot_create_ignition_plugins' returned '0': CMAKE_PREFIX_PATH=/opt/ros/humble /usr/bin/cmake --build /home/alex/Programming/ROS2/Ingenia/GSim-ISE24/create3_sim-main/build/irobot_create_ignition_plugins -- -j8 -l8
[46.423s] Invoking command in '/home/alex/Programming/ROS2/Ingenia/GSim-ISE24/create3_sim-main/build/irobot_create_ignition_plugins': CMAKE_PREFIX_PATH=/opt/ros/humble /usr/bin/cmake --install /home/alex/Programming/ROS2/Ingenia/GSim-ISE24/create3_sim-main/build/irobot_create_ignition_plugins
[46.460s] -- Install configuration: ""
[46.467s] -- Execute custom install script
[46.473s] -- Symlinking: /home/alex/Programming/ROS2/Ingenia/GSim-ISE24/create3_sim-main/install/irobot_create_ignition_plugins/share/irobot_create_ignition_plugins/lib/libCreate3Hmi.so
[46.549s] -- Symlinking: /home/alex/Programming/ROS2/Ingenia/GSim-ISE24/create3_sim-main/install/irobot_create_ignition_plugins/share/ament_index/resource_index/package_run_dependencies/irobot_create_ignition_plugins
[46.590s] -- Symlinking: /home/alex/Programming/ROS2/Ingenia/GSim-ISE24/create3_sim-main/install/irobot_create_ignition_plugins/share/ament_index/resource_index/parent_prefix_path/irobot_create_ignition_plugins
[46.696s] -- Symlinking: /home/alex/Programming/ROS2/Ingenia/GSim-ISE24/create3_sim-main/install/irobot_create_ignition_plugins/share/irobot_create_ignition_plugins/environment/ament_prefix_path.sh
[46.724s] -- Symlinking: /home/alex/Programming/ROS2/Ingenia/GSim-ISE24/create3_sim-main/install/irobot_create_ignition_plugins/share/irobot_create_ignition_plugins/environment/ament_prefix_path.dsv
[46.738s] -- Symlinking: /home/alex/Programming/ROS2/Ingenia/GSim-ISE24/create3_sim-main/install/irobot_create_ignition_plugins/share/irobot_create_ignition_plugins/environment/path.sh
[46.752s] -- Symlinking: /home/alex/Programming/ROS2/Ingenia/GSim-ISE24/create3_sim-main/install/irobot_create_ignition_plugins/share/irobot_create_ignition_plugins/environment/path.dsv
[46.766s] -- Symlinking: /home/alex/Programming/ROS2/Ingenia/GSim-ISE24/create3_sim-main/install/irobot_create_ignition_plugins/share/irobot_create_ignition_plugins/local_setup.bash
[46.836s] -- Symlinking: /home/alex/Programming/ROS2/Ingenia/GSim-ISE24/create3_sim-main/install/irobot_create_ignition_plugins/share/irobot_create_ignition_plugins/local_setup.sh
[46.885s] -- Symlinking: /home/alex/Programming/ROS2/Ingenia/GSim-ISE24/create3_sim-main/install/irobot_create_ignition_plugins/share/irobot_create_ignition_plugins/local_setup.zsh
[46.970s] -- Symlinking: /home/alex/Programming/ROS2/Ingenia/GSim-ISE24/create3_sim-main/install/irobot_create_ignition_plugins/share/irobot_create_ignition_plugins/local_setup.dsv
[47.001s] -- Symlinking: /home/alex/Programming/ROS2/Ingenia/GSim-ISE24/create3_sim-main/install/irobot_create_ignition_plugins/share/irobot_create_ignition_plugins/package.dsv
[47.038s] -- Symlinking: /home/alex/Programming/ROS2/Ingenia/GSim-ISE24/create3_sim-main/install/irobot_create_ignition_plugins/share/ament_index/resource_index/packages/irobot_create_ignition_plugins
[47.068s] -- Symlinking: /home/alex/Programming/ROS2/Ingenia/GSim-ISE24/create3_sim-main/install/irobot_create_ignition_plugins/share/irobot_create_ignition_plugins/cmake/irobot_create_ignition_pluginsConfig.cmake
[47.142s] -- Symlinking: /home/alex/Programming/ROS2/Ingenia/GSim-ISE24/create3_sim-main/install/irobot_create_ignition_plugins/share/irobot_create_ignition_plugins/cmake/irobot_create_ignition_pluginsConfig-version.cmake
[47.180s] -- Symlinking: /home/alex/Programming/ROS2/Ingenia/GSim-ISE24/create3_sim-main/install/irobot_create_ignition_plugins/share/irobot_create_ignition_plugins/package.xml
[47.326s] Invoked command in '/home/alex/Programming/ROS2/Ingenia/GSim-ISE24/create3_sim-main/build/irobot_create_ignition_plugins' returned '0': CMAKE_PREFIX_PATH=/opt/ros/humble /usr/bin/cmake --install /home/alex/Programming/ROS2/Ingenia/GSim-ISE24/create3_sim-main/build/irobot_create_ignition_plugins
