-- The C compiler identification is GNU 11.4.0
-- The CXX compiler identification is GNU 11.4.0
-- Detecting C compiler ABI info
-- Detecting C compiler ABI info - done
-- Check for working C compiler: /usr/bin/cc - skipped
-- Detecting C compile features
-- Detecting C compile features - done
-- Detecting CXX compiler ABI info
-- Detecting CXX compiler ABI info - done
-- Check for working CXX compiler: /usr/bin/c++ - skipped
-- Detecting CXX compile features
-- Detecting CXX compile features - done
-- Found ament_cmake: 1.3.8 (/opt/ros/humble/share/ament_cmake/cmake)
-- Found Python3: /usr/bin/python3 (found version "3.10.12") found components: Interpreter 
-- Override CMake install command with custom implementation using symlinks instead of copying resources
-- Found rosidl_generator_c: 3.1.5 (/opt/ros/humble/share/rosidl_generator_c/cmake)
-- Found rosidl_adapter: 3.1.5 (/opt/ros/humble/share/rosidl_adapter/cmake)
-- Found rosidl_generator_cpp: 3.1.5 (/opt/ros/humble/share/rosidl_generator_cpp/cmake)
-- Using all available rosidl_typesupport_c: rosidl_typesupport_fastrtps_c;rosidl_typesupport_introspection_c
-- Using all available rosidl_typesupport_cpp: rosidl_typesupport_fastrtps_cpp;rosidl_typesupport_introspection_cpp
-- Found rmw_implementation_cmake: 6.1.1 (/opt/ros/humble/share/rmw_implementation_cmake/cmake)
-- Found rmw_fastrtps_cpp: 6.2.6 (/opt/ros/humble/share/rmw_fastrtps_cpp/cmake)
-- Found OpenSSL: /usr/lib/x86_64-linux-gnu/libcrypto.so (found version "3.0.2")  
-- Found FastRTPS: /opt/ros/humble/include  
-- Using RMW implementation 'rmw_fastrtps_cpp' as default
-- Looking for pthread.h
-- Looking for pthread.h - found
-- Performing Test CMAKE_HAVE_LIBC_PTHREAD
-- Performing Test CMAKE_HAVE_LIBC_PTHREAD - Success
-- Found Threads: TRUE  
-- Found PkgConfig: /usr/bin/pkg-config (found version "0.29.2") 
-- Checking for module 'bullet>=2.82'
--   Found bullet, version 3.05
-- Found fcl: /usr/include (found suitable version "0.7.0", minimum required is "0.5.0") 
-- Found assimp: /usr/include (found version "5.2.0") 
-- Found DART: /usr/include (Required is at least version "6.6") found components: dart 
-- Found Boost: /usr/lib/x86_64-linux-gnu/cmake/Boost-1.74.0/BoostConfig.cmake (found suitable version "1.74.0", minimum required is "1.40.0") found components: thread system filesystem program_options regex iostreams date_time 
-- Found Protobuf: /usr/lib/x86_64-linux-gnu/libprotobuf.so (found version "3.12.4") 
-- Looking for ignition-math6 -- found version 6.15.1
-- Searching for dependencies of ignition-math6
-- Looking for OGRE...
-- OGRE_PREFIX_WATCH changed.
-- Checking for module 'OGRE'
--   Found OGRE, version 1.9.0
-- Found Ogre Ghadamon (1.9.0)
-- Found OGRE: optimized;/usr/lib/x86_64-linux-gnu/libOgreMain.so;debug;/usr/lib/x86_64-linux-gnu/libOgreMain.so
-- Looking for OGRE_Paging...
-- Found OGRE_Paging: optimized;/usr/lib/x86_64-linux-gnu/libOgrePaging.so;debug;/usr/lib/x86_64-linux-gnu/libOgrePaging.so
-- Looking for OGRE_Terrain...
-- Found OGRE_Terrain: optimized;/usr/lib/x86_64-linux-gnu/libOgreTerrain.so;debug;/usr/lib/x86_64-linux-gnu/libOgreTerrain.so
-- Looking for OGRE_Property...
-- Found OGRE_Property: optimized;/usr/lib/x86_64-linux-gnu/libOgreProperty.so;debug;/usr/lib/x86_64-linux-gnu/libOgreProperty.so
-- Looking for OGRE_RTShaderSystem...
-- Found OGRE_RTShaderSystem: optimized;/usr/lib/x86_64-linux-gnu/libOgreRTShaderSystem.so;debug;/usr/lib/x86_64-linux-gnu/libOgreRTShaderSystem.so
-- Looking for OGRE_Volume...
-- Found OGRE_Volume: optimized;/usr/lib/x86_64-linux-gnu/libOgreVolume.so;debug;/usr/lib/x86_64-linux-gnu/libOgreVolume.so
-- Looking for OGRE_Overlay...
-- Found OGRE_Overlay: optimized;/usr/lib/x86_64-linux-gnu/libOgreOverlay.so;debug;/usr/lib/x86_64-linux-gnu/libOgreOverlay.so
-- Looking for ignition-math6 -- found version 6.15.1
-- Looking for ignition-transport8 -- found version 8.2.1
-- Searching for dependencies of ignition-transport8
-- Found Protobuf: /usr/lib/x86_64-linux-gnu/libprotobuf.so (found suitable version "3.12.4", minimum required is "3") 
-- Config-file not installed for ZeroMQ -- checking for pkg-config
-- Checking for module 'libzmq >= 4'
--   Found libzmq , version 4.3.4
-- Found ZeroMQ: TRUE (Required is at least version "4") 
-- Checking for module 'uuid'
--   Found uuid, version 2.37.2
-- Found UUID: TRUE  
-- Looking for ignition-msgs5 -- found version 5.8.1
-- Searching for dependencies of ignition-msgs5
-- Looking for ignition-math6 -- found version 6.15.1
-- Checking for module 'tinyxml2'
--   Found tinyxml2, version 9.0.0
-- Looking for ignition-msgs5 -- found version 5.8.1
-- Looking for ignition-common3 -- found version 3.14.0
-- Searching for dependencies of ignition-common3
-- Looking for dlfcn.h - found
-- Looking for libdl - found
-- Found DL: TRUE  
-- Found tinyobjloader: /usr/lib/x86_64-linux-gnu/cmake/tinyobjloader/tinyobjloader-config.cmake (found version "2.0.0") 
-- Searching for <ignition-common3> component [graphics]
-- Looking for ignition-common3-graphics -- found version 3.14.0
-- Searching for dependencies of ignition-common3-graphics
-- Looking for ignition-math6 -- found version 6.15.1
-- Looking for ignition-fuel_tools4 -- found version 4.4.0
-- Searching for dependencies of ignition-fuel_tools4
-- Found CURL: /usr/lib/x86_64-linux-gnu/libcurl.so (found version "7.81.0")  
-- Checking for module 'jsoncpp'
--   Found jsoncpp, version 1.9.5
-- Found JSONCPP: TRUE  
-- Checking for module 'libzip'
--   Found libzip, version 1.7.3
-- Found ZIP: TRUE  
-- Looking for ignition-common3 -- found version 3.14.0
-- Looking for ignition-math6 -- found version 6.15.1
-- Looking for ignition-msgs5 -- found version 5.8.1
-- Gazebo version: 11.10
-- Checking for module 'tbb'
--   Found tbb, version 2021.5.0
-- Found ament_lint_auto: 0.12.10 (/opt/ros/humble/share/ament_lint_auto/cmake)
-- Added test 'flake8' to check Python code syntax and style conventions
-- Added test 'lint_cmake' to check CMake code style
-- Added test 'pep257' to check Python code against some of the docstring style conventions in PEP 257
-- Added test 'xmllint' to check XML markup files
-- Configuring done
-- Generating done
-- Build files have been written to: /home/alex/Programming/ROS2/Ingenia/GSim-ISE24/create3_sim-main/build/irobot_create_gazebo_bringup
-- Install configuration: ""
-- Execute custom install script
-- Symlinking: /home/alex/Programming/ROS2/Ingenia/GSim-ISE24/create3_sim-main/install/irobot_create_gazebo_bringup/share/irobot_create_gazebo_bringup/config/gazebo_params.yaml
-- Symlinking: /home/alex/Programming/ROS2/Ingenia/GSim-ISE24/create3_sim-main/install/irobot_create_gazebo_bringup/share/irobot_create_gazebo_bringup/launch/create3_gazebo.launch.py
-- Symlinking: /home/alex/Programming/ROS2/Ingenia/GSim-ISE24/create3_sim-main/install/irobot_create_gazebo_bringup/share/irobot_create_gazebo_bringup/launch/create3_gazebo_aws_small.launch.py
-- Symlinking: /home/alex/Programming/ROS2/Ingenia/GSim-ISE24/create3_sim-main/install/irobot_create_gazebo_bringup/share/irobot_create_gazebo_bringup/launch/create3_spawn.launch.py
-- Symlinking: /home/alex/Programming/ROS2/Ingenia/GSim-ISE24/create3_sim-main/install/irobot_create_gazebo_bringup/share/irobot_create_gazebo_bringup/launch/gazebo.launch.py
-- Symlinking: /home/alex/Programming/ROS2/Ingenia/GSim-ISE24/create3_sim-main/install/irobot_create_gazebo_bringup/share/irobot_create_gazebo_bringup/launch/world_files/world_0.world
-- Symlinking: /home/alex/Programming/ROS2/Ingenia/GSim-ISE24/create3_sim-main/install/irobot_create_gazebo_bringup/share/irobot_create_gazebo_bringup/launch/world_files/world_1.world
-- Symlinking: /home/alex/Programming/ROS2/Ingenia/GSim-ISE24/create3_sim-main/install/irobot_create_gazebo_bringup/share/irobot_create_gazebo_bringup/launch/world_files/world_10.world
-- Symlinking: /home/alex/Programming/ROS2/Ingenia/GSim-ISE24/create3_sim-main/install/irobot_create_gazebo_bringup/share/irobot_create_gazebo_bringup/launch/world_files/world_100.world
-- Symlinking: /home/alex/Programming/ROS2/Ingenia/GSim-ISE24/create3_sim-main/install/irobot_create_gazebo_bringup/share/irobot_create_gazebo_bringup/launch/world_files/world_101.world
-- Symlinking: /home/alex/Programming/ROS2/Ingenia/GSim-ISE24/create3_sim-main/install/irobot_create_gazebo_bringup/share/irobot_create_gazebo_bringup/launch/world_files/world_102.world
-- Symlinking: /home/alex/Programming/ROS2/Ingenia/GSim-ISE24/create3_sim-main/install/irobot_create_gazebo_bringup/share/irobot_create_gazebo_bringup/launch/world_files/world_103.world
-- Symlinking: /home/alex/Programming/ROS2/Ingenia/GSim-ISE24/create3_sim-main/install/irobot_create_gazebo_bringup/share/irobot_create_gazebo_bringup/launch/world_files/world_104.world
-- Symlinking: /home/alex/Programming/ROS2/Ingenia/GSim-ISE24/create3_sim-main/install/irobot_create_gazebo_bringup/share/irobot_create_gazebo_bringup/launch/world_files/world_105.world
-- Symlinking: /home/alex/Programming/ROS2/Ingenia/GSim-ISE24/create3_sim-main/install/irobot_create_gazebo_bringup/share/irobot_create_gazebo_bringup/launch/world_files/world_106.world
-- Symlinking: /home/alex/Programming/ROS2/Ingenia/GSim-ISE24/create3_sim-main/install/irobot_create_gazebo_bringup/share/irobot_create_gazebo_bringup/launch/world_files/world_107.world
-- Symlinking: /home/alex/Programming/ROS2/Ingenia/GSim-ISE24/create3_sim-main/install/irobot_create_gazebo_bringup/share/irobot_create_gazebo_bringup/launch/world_files/world_108.world
-- Symlinking: /home/alex/Programming/ROS2/Ingenia/GSim-ISE24/create3_sim-main/install/irobot_create_gazebo_bringup/share/irobot_create_gazebo_bringup/launch/world_files/world_109.world
-- Symlinking: /home/alex/Programming/ROS2/Ingenia/GSim-ISE24/create3_sim-main/install/irobot_create_gazebo_bringup/share/irobot_create_gazebo_bringup/launch/world_files/world_11.world
-- Symlinking: /home/alex/Programming/ROS2/Ingenia/GSim-ISE24/create3_sim-main/install/irobot_create_gazebo_bringup/share/irobot_create_gazebo_bringup/launch/world_files/world_110.world
-- Symlinking: /home/alex/Programming/ROS2/Ingenia/GSim-ISE24/create3_sim-main/install/irobot_create_gazebo_bringup/share/irobot_create_gazebo_bringup/launch/world_files/world_111.world
-- Symlinking: /home/alex/Programming/ROS2/Ingenia/GSim-ISE24/create3_sim-main/install/irobot_create_gazebo_bringup/share/irobot_create_gazebo_bringup/launch/world_files/world_112.world
-- Symlinking: /home/alex/Programming/ROS2/Ingenia/GSim-ISE24/create3_sim-main/install/irobot_create_gazebo_bringup/share/irobot_create_gazebo_bringup/launch/world_files/world_113.world
-- Symlinking: /home/alex/Programming/ROS2/Ingenia/GSim-ISE24/create3_sim-main/install/irobot_create_gazebo_bringup/share/irobot_create_gazebo_bringup/launch/world_files/world_114.world
-- Symlinking: /home/alex/Programming/ROS2/Ingenia/GSim-ISE24/create3_sim-main/install/irobot_create_gazebo_bringup/share/irobot_create_gazebo_bringup/launch/world_files/world_115.world
-- Symlinking: /home/alex/Programming/ROS2/Ingenia/GSim-ISE24/create3_sim-main/install/irobot_create_gazebo_bringup/share/irobot_create_gazebo_bringup/launch/world_files/world_116.world
-- Symlinking: /home/alex/Programming/ROS2/Ingenia/GSim-ISE24/create3_sim-main/install/irobot_create_gazebo_bringup/share/irobot_create_gazebo_bringup/launch/world_files/world_117.world
-- Symlinking: /home/alex/Programming/ROS2/Ingenia/GSim-ISE24/create3_sim-main/install/irobot_create_gazebo_bringup/share/irobot_create_gazebo_bringup/launch/world_files/world_118.world
-- Symlinking: /home/alex/Programming/ROS2/Ingenia/GSim-ISE24/create3_sim-main/install/irobot_create_gazebo_bringup/share/irobot_create_gazebo_bringup/launch/world_files/world_119.world
-- Symlinking: /home/alex/Programming/ROS2/Ingenia/GSim-ISE24/create3_sim-main/install/irobot_create_gazebo_bringup/share/irobot_create_gazebo_bringup/launch/world_files/world_12.world
-- Symlinking: /home/alex/Programming/ROS2/Ingenia/GSim-ISE24/create3_sim-main/install/irobot_create_gazebo_bringup/share/irobot_create_gazebo_bringup/launch/world_files/world_120.world
-- Symlinking: /home/alex/Programming/ROS2/Ingenia/GSim-ISE24/create3_sim-main/install/irobot_create_gazebo_bringup/share/irobot_create_gazebo_bringup/launch/world_files/world_121.world
-- Symlinking: /home/alex/Programming/ROS2/Ingenia/GSim-ISE24/create3_sim-main/install/irobot_create_gazebo_bringup/share/irobot_create_gazebo_bringup/launch/world_files/world_122.world
-- Symlinking: /home/alex/Programming/ROS2/Ingenia/GSim-ISE24/create3_sim-main/install/irobot_create_gazebo_bringup/share/irobot_create_gazebo_bringup/launch/world_files/world_123.world
-- Symlinking: /home/alex/Programming/ROS2/Ingenia/GSim-ISE24/create3_sim-main/install/irobot_create_gazebo_bringup/share/irobot_create_gazebo_bringup/launch/world_files/world_124.world
-- Symlinking: /home/alex/Programming/ROS2/Ingenia/GSim-ISE24/create3_sim-main/install/irobot_create_gazebo_bringup/share/irobot_create_gazebo_bringup/launch/world_files/world_125.world
-- Symlinking: /home/alex/Programming/ROS2/Ingenia/GSim-ISE24/create3_sim-main/install/irobot_create_gazebo_bringup/share/irobot_create_gazebo_bringup/launch/world_files/world_126.world
-- Symlinking: /home/alex/Programming/ROS2/Ingenia/GSim-ISE24/create3_sim-main/install/irobot_create_gazebo_bringup/share/irobot_create_gazebo_bringup/launch/world_files/world_127.world
-- Symlinking: /home/alex/Programming/ROS2/Ingenia/GSim-ISE24/create3_sim-main/install/irobot_create_gazebo_bringup/share/irobot_create_gazebo_bringup/launch/world_files/world_128.world
-- Symlinking: /home/alex/Programming/ROS2/Ingenia/GSim-ISE24/create3_sim-main/install/irobot_create_gazebo_bringup/share/irobot_create_gazebo_bringup/launch/world_files/world_129.world
-- Symlinking: /home/alex/Programming/ROS2/Ingenia/GSim-ISE24/create3_sim-main/install/irobot_create_gazebo_bringup/share/irobot_create_gazebo_bringup/launch/world_files/world_13.world
-- Symlinking: /home/alex/Programming/ROS2/Ingenia/GSim-ISE24/create3_sim-main/install/irobot_create_gazebo_bringup/share/irobot_create_gazebo_bringup/launch/world_files/world_130.world
-- Symlinking: /home/alex/Programming/ROS2/Ingenia/GSim-ISE24/create3_sim-main/install/irobot_create_gazebo_bringup/share/irobot_create_gazebo_bringup/launch/world_files/world_131.world
-- Symlinking: /home/alex/Programming/ROS2/Ingenia/GSim-ISE24/create3_sim-main/install/irobot_create_gazebo_bringup/share/irobot_create_gazebo_bringup/launch/world_files/world_132.world
-- Symlinking: /home/alex/Programming/ROS2/Ingenia/GSim-ISE24/create3_sim-main/install/irobot_create_gazebo_bringup/share/irobot_create_gazebo_bringup/launch/world_files/world_133.world
-- Symlinking: /home/alex/Programming/ROS2/Ingenia/GSim-ISE24/create3_sim-main/install/irobot_create_gazebo_bringup/share/irobot_create_gazebo_bringup/launch/world_files/world_134.world
-- Symlinking: /home/alex/Programming/ROS2/Ingenia/GSim-ISE24/create3_sim-main/install/irobot_create_gazebo_bringup/share/irobot_create_gazebo_bringup/launch/world_files/world_135.world
-- Symlinking: /home/alex/Programming/ROS2/Ingenia/GSim-ISE24/create3_sim-main/install/irobot_create_gazebo_bringup/share/irobot_create_gazebo_bringup/launch/world_files/world_136.world
-- Symlinking: /home/alex/Programming/ROS2/Ingenia/GSim-ISE24/create3_sim-main/install/irobot_create_gazebo_bringup/share/irobot_create_gazebo_bringup/launch/world_files/world_137.world
-- Symlinking: /home/alex/Programming/ROS2/Ingenia/GSim-ISE24/create3_sim-main/install/irobot_create_gazebo_bringup/share/irobot_create_gazebo_bringup/launch/world_files/world_138.world
-- Symlinking: /home/alex/Programming/ROS2/Ingenia/GSim-ISE24/create3_sim-main/install/irobot_create_gazebo_bringup/share/irobot_create_gazebo_bringup/launch/world_files/world_139.world
-- Symlinking: /home/alex/Programming/ROS2/Ingenia/GSim-ISE24/create3_sim-main/install/irobot_create_gazebo_bringup/share/irobot_create_gazebo_bringup/launch/world_files/world_14.world
-- Symlinking: /home/alex/Programming/ROS2/Ingenia/GSim-ISE24/create3_sim-main/install/irobot_create_gazebo_bringup/share/irobot_create_gazebo_bringup/launch/world_files/world_140.world
-- Symlinking: /home/alex/Programming/ROS2/Ingenia/GSim-ISE24/create3_sim-main/install/irobot_create_gazebo_bringup/share/irobot_create_gazebo_bringup/launch/world_files/world_141.world
-- Symlinking: /home/alex/Programming/ROS2/Ingenia/GSim-ISE24/create3_sim-main/install/irobot_create_gazebo_bringup/share/irobot_create_gazebo_bringup/launch/world_files/world_142.world
-- Symlinking: /home/alex/Programming/ROS2/Ingenia/GSim-ISE24/create3_sim-main/install/irobot_create_gazebo_bringup/share/irobot_create_gazebo_bringup/launch/world_files/world_143.world
-- Symlinking: /home/alex/Programming/ROS2/Ingenia/GSim-ISE24/create3_sim-main/install/irobot_create_gazebo_bringup/share/irobot_create_gazebo_bringup/launch/world_files/world_144.world
-- Symlinking: /home/alex/Programming/ROS2/Ingenia/GSim-ISE24/create3_sim-main/install/irobot_create_gazebo_bringup/share/irobot_create_gazebo_bringup/launch/world_files/world_145.world
-- Symlinking: /home/alex/Programming/ROS2/Ingenia/GSim-ISE24/create3_sim-main/install/irobot_create_gazebo_bringup/share/irobot_create_gazebo_bringup/launch/world_files/world_146.world
-- Symlinking: /home/alex/Programming/ROS2/Ingenia/GSim-ISE24/create3_sim-main/install/irobot_create_gazebo_bringup/share/irobot_create_gazebo_bringup/launch/world_files/world_147.world
-- Symlinking: /home/alex/Programming/ROS2/Ingenia/GSim-ISE24/create3_sim-main/install/irobot_create_gazebo_bringup/share/irobot_create_gazebo_bringup/launch/world_files/world_148.world
-- Symlinking: /home/alex/Programming/ROS2/Ingenia/GSim-ISE24/create3_sim-main/install/irobot_create_gazebo_bringup/share/irobot_create_gazebo_bringup/launch/world_files/world_149.world
-- Symlinking: /home/alex/Programming/ROS2/Ingenia/GSim-ISE24/create3_sim-main/install/irobot_create_gazebo_bringup/share/irobot_create_gazebo_bringup/launch/world_files/world_15.world
-- Symlinking: /home/alex/Programming/ROS2/Ingenia/GSim-ISE24/create3_sim-main/install/irobot_create_gazebo_bringup/share/irobot_create_gazebo_bringup/launch/world_files/world_150.world
-- Symlinking: /home/alex/Programming/ROS2/Ingenia/GSim-ISE24/create3_sim-main/install/irobot_create_gazebo_bringup/share/irobot_create_gazebo_bringup/launch/world_files/world_151.world
-- Symlinking: /home/alex/Programming/ROS2/Ingenia/GSim-ISE24/create3_sim-main/install/irobot_create_gazebo_bringup/share/irobot_create_gazebo_bringup/launch/world_files/world_152.world
-- Symlinking: /home/alex/Programming/ROS2/Ingenia/GSim-ISE24/create3_sim-main/install/irobot_create_gazebo_bringup/share/irobot_create_gazebo_bringup/launch/world_files/world_153.world
-- Symlinking: /home/alex/Programming/ROS2/Ingenia/GSim-ISE24/create3_sim-main/install/irobot_create_gazebo_bringup/share/irobot_create_gazebo_bringup/launch/world_files/world_154.world
-- Symlinking: /home/alex/Programming/ROS2/Ingenia/GSim-ISE24/create3_sim-main/install/irobot_create_gazebo_bringup/share/irobot_create_gazebo_bringup/launch/world_files/world_155.world
-- Symlinking: /home/alex/Programming/ROS2/Ingenia/GSim-ISE24/create3_sim-main/install/irobot_create_gazebo_bringup/share/irobot_create_gazebo_bringup/launch/world_files/world_156.world
-- Symlinking: /home/alex/Programming/ROS2/Ingenia/GSim-ISE24/create3_sim-main/install/irobot_create_gazebo_bringup/share/irobot_create_gazebo_bringup/launch/world_files/world_157.world
-- Symlinking: /home/alex/Programming/ROS2/Ingenia/GSim-ISE24/create3_sim-main/install/irobot_create_gazebo_bringup/share/irobot_create_gazebo_bringup/launch/world_files/world_158.world
-- Symlinking: /home/alex/Programming/ROS2/Ingenia/GSim-ISE24/create3_sim-main/install/irobot_create_gazebo_bringup/share/irobot_create_gazebo_bringup/launch/world_files/world_159.world
-- Symlinking: /home/alex/Programming/ROS2/Ingenia/GSim-ISE24/create3_sim-main/install/irobot_create_gazebo_bringup/share/irobot_create_gazebo_bringup/launch/world_files/world_16.world
-- Symlinking: /home/alex/Programming/ROS2/Ingenia/GSim-ISE24/create3_sim-main/install/irobot_create_gazebo_bringup/share/irobot_create_gazebo_bringup/launch/world_files/world_160.world
-- Symlinking: /home/alex/Programming/ROS2/Ingenia/GSim-ISE24/create3_sim-main/install/irobot_create_gazebo_bringup/share/irobot_create_gazebo_bringup/launch/world_files/world_161.world
-- Symlinking: /home/alex/Programming/ROS2/Ingenia/GSim-ISE24/create3_sim-main/install/irobot_create_gazebo_bringup/share/irobot_create_gazebo_bringup/launch/world_files/world_162.world
-- Symlinking: /home/alex/Programming/ROS2/Ingenia/GSim-ISE24/create3_sim-main/install/irobot_create_gazebo_bringup/share/irobot_create_gazebo_bringup/launch/world_files/world_163.world
-- Symlinking: /home/alex/Programming/ROS2/Ingenia/GSim-ISE24/create3_sim-main/install/irobot_create_gazebo_bringup/share/irobot_create_gazebo_bringup/launch/world_files/world_164.world
-- Symlinking: /home/alex/Programming/ROS2/Ingenia/GSim-ISE24/create3_sim-main/install/irobot_create_gazebo_bringup/share/irobot_create_gazebo_bringup/launch/world_files/world_165.world
-- Symlinking: /home/alex/Programming/ROS2/Ingenia/GSim-ISE24/create3_sim-main/install/irobot_create_gazebo_bringup/share/irobot_create_gazebo_bringup/launch/world_files/world_166.world
-- Symlinking: /home/alex/Programming/ROS2/Ingenia/GSim-ISE24/create3_sim-main/install/irobot_create_gazebo_bringup/share/irobot_create_gazebo_bringup/launch/world_files/world_167.world
-- Symlinking: /home/alex/Programming/ROS2/Ingenia/GSim-ISE24/create3_sim-main/install/irobot_create_gazebo_bringup/share/irobot_create_gazebo_bringup/launch/world_files/world_168.world
-- Symlinking: /home/alex/Programming/ROS2/Ingenia/GSim-ISE24/create3_sim-main/install/irobot_create_gazebo_bringup/share/irobot_create_gazebo_bringup/launch/world_files/world_169.world
-- Symlinking: /home/alex/Programming/ROS2/Ingenia/GSim-ISE24/create3_sim-main/install/irobot_create_gazebo_bringup/share/irobot_create_gazebo_bringup/launch/world_files/world_17.world
-- Symlinking: /home/alex/Programming/ROS2/Ingenia/GSim-ISE24/create3_sim-main/install/irobot_create_gazebo_bringup/share/irobot_create_gazebo_bringup/launch/world_files/world_170.world
-- Symlinking: /home/alex/Programming/ROS2/Ingenia/GSim-ISE24/create3_sim-main/install/irobot_create_gazebo_bringup/share/irobot_create_gazebo_bringup/launch/world_files/world_171.world
-- Symlinking: /home/alex/Programming/ROS2/Ingenia/GSim-ISE24/create3_sim-main/install/irobot_create_gazebo_bringup/share/irobot_create_gazebo_bringup/launch/world_files/world_172.world
-- Symlinking: /home/alex/Programming/ROS2/Ingenia/GSim-ISE24/create3_sim-main/install/irobot_create_gazebo_bringup/share/irobot_create_gazebo_bringup/launch/world_files/world_173.world
-- Symlinking: /home/alex/Programming/ROS2/Ingenia/GSim-ISE24/create3_sim-main/install/irobot_create_gazebo_bringup/share/irobot_create_gazebo_bringup/launch/world_files/world_174.world
-- Symlinking: /home/alex/Programming/ROS2/Ingenia/GSim-ISE24/create3_sim-main/install/irobot_create_gazebo_bringup/share/irobot_create_gazebo_bringup/launch/world_files/world_175.world
-- Symlinking: /home/alex/Programming/ROS2/Ingenia/GSim-ISE24/create3_sim-main/install/irobot_create_gazebo_bringup/share/irobot_create_gazebo_bringup/launch/world_files/world_176.world
-- Symlinking: /home/alex/Programming/ROS2/Ingenia/GSim-ISE24/create3_sim-main/install/irobot_create_gazebo_bringup/share/irobot_create_gazebo_bringup/launch/world_files/world_177.world
-- Symlinking: /home/alex/Programming/ROS2/Ingenia/GSim-ISE24/create3_sim-main/install/irobot_create_gazebo_bringup/share/irobot_create_gazebo_bringup/launch/world_files/world_178.world
-- Symlinking: /home/alex/Programming/ROS2/Ingenia/GSim-ISE24/create3_sim-main/install/irobot_create_gazebo_bringup/share/irobot_create_gazebo_bringup/launch/world_files/world_179.world
-- Symlinking: /home/alex/Programming/ROS2/Ingenia/GSim-ISE24/create3_sim-main/install/irobot_create_gazebo_bringup/share/irobot_create_gazebo_bringup/launch/world_files/world_18.world
-- Symlinking: /home/alex/Programming/ROS2/Ingenia/GSim-ISE24/create3_sim-main/install/irobot_create_gazebo_bringup/share/irobot_create_gazebo_bringup/launch/world_files/world_180.world
-- Symlinking: /home/alex/Programming/ROS2/Ingenia/GSim-ISE24/create3_sim-main/install/irobot_create_gazebo_bringup/share/irobot_create_gazebo_bringup/launch/world_files/world_181.world
-- Symlinking: /home/alex/Programming/ROS2/Ingenia/GSim-ISE24/create3_sim-main/install/irobot_create_gazebo_bringup/share/irobot_create_gazebo_bringup/launch/world_files/world_182.world
-- Symlinking: /home/alex/Programming/ROS2/Ingenia/GSim-ISE24/create3_sim-main/install/irobot_create_gazebo_bringup/share/irobot_create_gazebo_bringup/launch/world_files/world_183.world
-- Symlinking: /home/alex/Programming/ROS2/Ingenia/GSim-ISE24/create3_sim-main/install/irobot_create_gazebo_bringup/share/irobot_create_gazebo_bringup/launch/world_files/world_184.world
-- Symlinking: /home/alex/Programming/ROS2/Ingenia/GSim-ISE24/create3_sim-main/install/irobot_create_gazebo_bringup/share/irobot_create_gazebo_bringup/launch/world_files/world_185.world
-- Symlinking: /home/alex/Programming/ROS2/Ingenia/GSim-ISE24/create3_sim-main/install/irobot_create_gazebo_bringup/share/irobot_create_gazebo_bringup/launch/world_files/world_186.world
-- Symlinking: /home/alex/Programming/ROS2/Ingenia/GSim-ISE24/create3_sim-main/install/irobot_create_gazebo_bringup/share/irobot_create_gazebo_bringup/launch/world_files/world_187.world
-- Symlinking: /home/alex/Programming/ROS2/Ingenia/GSim-ISE24/create3_sim-main/install/irobot_create_gazebo_bringup/share/irobot_create_gazebo_bringup/launch/world_files/world_188.world
-- Symlinking: /home/alex/Programming/ROS2/Ingenia/GSim-ISE24/create3_sim-main/install/irobot_create_gazebo_bringup/share/irobot_create_gazebo_bringup/launch/world_files/world_189.world
-- Symlinking: /home/alex/Programming/ROS2/Ingenia/GSim-ISE24/create3_sim-main/install/irobot_create_gazebo_bringup/share/irobot_create_gazebo_bringup/launch/world_files/world_19.world
-- Symlinking: /home/alex/Programming/ROS2/Ingenia/GSim-ISE24/create3_sim-main/install/irobot_create_gazebo_bringup/share/irobot_create_gazebo_bringup/launch/world_files/world_190.world
-- Symlinking: /home/alex/Programming/ROS2/Ingenia/GSim-ISE24/create3_sim-main/install/irobot_create_gazebo_bringup/share/irobot_create_gazebo_bringup/launch/world_files/world_191.world
-- Symlinking: /home/alex/Programming/ROS2/Ingenia/GSim-ISE24/create3_sim-main/install/irobot_create_gazebo_bringup/share/irobot_create_gazebo_bringup/launch/world_files/world_192.world
-- Symlinking: /home/alex/Programming/ROS2/Ingenia/GSim-ISE24/create3_sim-main/install/irobot_create_gazebo_bringup/share/irobot_create_gazebo_bringup/launch/world_files/world_193.world
-- Symlinking: /home/alex/Programming/ROS2/Ingenia/GSim-ISE24/create3_sim-main/install/irobot_create_gazebo_bringup/share/irobot_create_gazebo_bringup/launch/world_files/world_194.world
-- Symlinking: /home/alex/Programming/ROS2/Ingenia/GSim-ISE24/create3_sim-main/install/irobot_create_gazebo_bringup/share/irobot_create_gazebo_bringup/launch/world_files/world_195.world
-- Symlinking: /home/alex/Programming/ROS2/Ingenia/GSim-ISE24/create3_sim-main/install/irobot_create_gazebo_bringup/share/irobot_create_gazebo_bringup/launch/world_files/world_196.world
-- Symlinking: /home/alex/Programming/ROS2/Ingenia/GSim-ISE24/create3_sim-main/install/irobot_create_gazebo_bringup/share/irobot_create_gazebo_bringup/launch/world_files/world_197.world
-- Symlinking: /home/alex/Programming/ROS2/Ingenia/GSim-ISE24/create3_sim-main/install/irobot_create_gazebo_bringup/share/irobot_create_gazebo_bringup/launch/world_files/world_198.world
-- Symlinking: /home/alex/Programming/ROS2/Ingenia/GSim-ISE24/create3_sim-main/install/irobot_create_gazebo_bringup/share/irobot_create_gazebo_bringup/launch/world_files/world_199.world
-- Symlinking: /home/alex/Programming/ROS2/Ingenia/GSim-ISE24/create3_sim-main/install/irobot_create_gazebo_bringup/share/irobot_create_gazebo_bringup/launch/world_files/world_2.world
-- Symlinking: /home/alex/Programming/ROS2/Ingenia/GSim-ISE24/create3_sim-main/install/irobot_create_gazebo_bringup/share/irobot_create_gazebo_bringup/launch/world_files/world_20.world
-- Symlinking: /home/alex/Programming/ROS2/Ingenia/GSim-ISE24/create3_sim-main/install/irobot_create_gazebo_bringup/share/irobot_create_gazebo_bringup/launch/world_files/world_200.world
-- Symlinking: /home/alex/Programming/ROS2/Ingenia/GSim-ISE24/create3_sim-main/install/irobot_create_gazebo_bringup/share/irobot_create_gazebo_bringup/launch/world_files/world_201.world
-- Symlinking: /home/alex/Programming/ROS2/Ingenia/GSim-ISE24/create3_sim-main/install/irobot_create_gazebo_bringup/share/irobot_create_gazebo_bringup/launch/world_files/world_202.world
-- Symlinking: /home/alex/Programming/ROS2/Ingenia/GSim-ISE24/create3_sim-main/install/irobot_create_gazebo_bringup/share/irobot_create_gazebo_bringup/launch/world_files/world_203.world
-- Symlinking: /home/alex/Programming/ROS2/Ingenia/GSim-ISE24/create3_sim-main/install/irobot_create_gazebo_bringup/share/irobot_create_gazebo_bringup/launch/world_files/world_204.world
-- Symlinking: /home/alex/Programming/ROS2/Ingenia/GSim-ISE24/create3_sim-main/install/irobot_create_gazebo_bringup/share/irobot_create_gazebo_bringup/launch/world_files/world_205.world
-- Symlinking: /home/alex/Programming/ROS2/Ingenia/GSim-ISE24/create3_sim-main/install/irobot_create_gazebo_bringup/share/irobot_create_gazebo_bringup/launch/world_files/world_206.world
-- Symlinking: /home/alex/Programming/ROS2/Ingenia/GSim-ISE24/create3_sim-main/install/irobot_create_gazebo_bringup/share/irobot_create_gazebo_bringup/launch/world_files/world_207.world
-- Symlinking: /home/alex/Programming/ROS2/Ingenia/GSim-ISE24/create3_sim-main/install/irobot_create_gazebo_bringup/share/irobot_create_gazebo_bringup/launch/world_files/world_208.world
-- Symlinking: /home/alex/Programming/ROS2/Ingenia/GSim-ISE24/create3_sim-main/install/irobot_create_gazebo_bringup/share/irobot_create_gazebo_bringup/launch/world_files/world_209.world
-- Symlinking: /home/alex/Programming/ROS2/Ingenia/GSim-ISE24/create3_sim-main/install/irobot_create_gazebo_bringup/share/irobot_create_gazebo_bringup/launch/world_files/world_21.world
-- Symlinking: /home/alex/Programming/ROS2/Ingenia/GSim-ISE24/create3_sim-main/install/irobot_create_gazebo_bringup/share/irobot_create_gazebo_bringup/launch/world_files/world_210.world
-- Symlinking: /home/alex/Programming/ROS2/Ingenia/GSim-ISE24/create3_sim-main/install/irobot_create_gazebo_bringup/share/irobot_create_gazebo_bringup/launch/world_files/world_211.world
-- Symlinking: /home/alex/Programming/ROS2/Ingenia/GSim-ISE24/create3_sim-main/install/irobot_create_gazebo_bringup/share/irobot_create_gazebo_bringup/launch/world_files/world_212.world
-- Symlinking: /home/alex/Programming/ROS2/Ingenia/GSim-ISE24/create3_sim-main/install/irobot_create_gazebo_bringup/share/irobot_create_gazebo_bringup/launch/world_files/world_213.world
-- Symlinking: /home/alex/Programming/ROS2/Ingenia/GSim-ISE24/create3_sim-main/install/irobot_create_gazebo_bringup/share/irobot_create_gazebo_bringup/launch/world_files/world_214.world
-- Symlinking: /home/alex/Programming/ROS2/Ingenia/GSim-ISE24/create3_sim-main/install/irobot_create_gazebo_bringup/share/irobot_create_gazebo_bringup/launch/world_files/world_215.world
-- Symlinking: /home/alex/Programming/ROS2/Ingenia/GSim-ISE24/create3_sim-main/install/irobot_create_gazebo_bringup/share/irobot_create_gazebo_bringup/launch/world_files/world_216.world
-- Symlinking: /home/alex/Programming/ROS2/Ingenia/GSim-ISE24/create3_sim-main/install/irobot_create_gazebo_bringup/share/irobot_create_gazebo_bringup/launch/world_files/world_217.world
-- Symlinking: /home/alex/Programming/ROS2/Ingenia/GSim-ISE24/create3_sim-main/install/irobot_create_gazebo_bringup/share/irobot_create_gazebo_bringup/launch/world_files/world_218.world
-- Symlinking: /home/alex/Programming/ROS2/Ingenia/GSim-ISE24/create3_sim-main/install/irobot_create_gazebo_bringup/share/irobot_create_gazebo_bringup/launch/world_files/world_219.world
-- Symlinking: /home/alex/Programming/ROS2/Ingenia/GSim-ISE24/create3_sim-main/install/irobot_create_gazebo_bringup/share/irobot_create_gazebo_bringup/launch/world_files/world_22.world
-- Symlinking: /home/alex/Programming/ROS2/Ingenia/GSim-ISE24/create3_sim-main/install/irobot_create_gazebo_bringup/share/irobot_create_gazebo_bringup/launch/world_files/world_220.world
-- Symlinking: /home/alex/Programming/ROS2/Ingenia/GSim-ISE24/create3_sim-main/install/irobot_create_gazebo_bringup/share/irobot_create_gazebo_bringup/launch/world_files/world_221.world
-- Symlinking: /home/alex/Programming/ROS2/Ingenia/GSim-ISE24/create3_sim-main/install/irobot_create_gazebo_bringup/share/irobot_create_gazebo_bringup/launch/world_files/world_222.world
-- Symlinking: /home/alex/Programming/ROS2/Ingenia/GSim-ISE24/create3_sim-main/install/irobot_create_gazebo_bringup/share/irobot_create_gazebo_bringup/launch/world_files/world_223.world
-- Symlinking: /home/alex/Programming/ROS2/Ingenia/GSim-ISE24/create3_sim-main/install/irobot_create_gazebo_bringup/share/irobot_create_gazebo_bringup/launch/world_files/world_224.world
-- Symlinking: /home/alex/Programming/ROS2/Ingenia/GSim-ISE24/create3_sim-main/install/irobot_create_gazebo_bringup/share/irobot_create_gazebo_bringup/launch/world_files/world_225.world
-- Symlinking: /home/alex/Programming/ROS2/Ingenia/GSim-ISE24/create3_sim-main/install/irobot_create_gazebo_bringup/share/irobot_create_gazebo_bringup/launch/world_files/world_226.world
-- Symlinking: /home/alex/Programming/ROS2/Ingenia/GSim-ISE24/create3_sim-main/install/irobot_create_gazebo_bringup/share/irobot_create_gazebo_bringup/launch/world_files/world_227.world
-- Symlinking: /home/alex/Programming/ROS2/Ingenia/GSim-ISE24/create3_sim-main/install/irobot_create_gazebo_bringup/share/irobot_create_gazebo_bringup/launch/world_files/world_228.world
-- Symlinking: /home/alex/Programming/ROS2/Ingenia/GSim-ISE24/create3_sim-main/install/irobot_create_gazebo_bringup/share/irobot_create_gazebo_bringup/launch/world_files/world_229.world
-- Symlinking: /home/alex/Programming/ROS2/Ingenia/GSim-ISE24/create3_sim-main/install/irobot_create_gazebo_bringup/share/irobot_create_gazebo_bringup/launch/world_files/world_23.world
-- Symlinking: /home/alex/Programming/ROS2/Ingenia/GSim-ISE24/create3_sim-main/install/irobot_create_gazebo_bringup/share/irobot_create_gazebo_bringup/launch/world_files/world_230.world
-- Symlinking: /home/alex/Programming/ROS2/Ingenia/GSim-ISE24/create3_sim-main/install/irobot_create_gazebo_bringup/share/irobot_create_gazebo_bringup/launch/world_files/world_231.world
-- Symlinking: /home/alex/Programming/ROS2/Ingenia/GSim-ISE24/create3_sim-main/install/irobot_create_gazebo_bringup/share/irobot_create_gazebo_bringup/launch/world_files/world_232.world
-- Symlinking: /home/alex/Programming/ROS2/Ingenia/GSim-ISE24/create3_sim-main/install/irobot_create_gazebo_bringup/share/irobot_create_gazebo_bringup/launch/world_files/world_233.world
-- Symlinking: /home/alex/Programming/ROS2/Ingenia/GSim-ISE24/create3_sim-main/install/irobot_create_gazebo_bringup/share/irobot_create_gazebo_bringup/launch/world_files/world_234.world
-- Symlinking: /home/alex/Programming/ROS2/Ingenia/GSim-ISE24/create3_sim-main/install/irobot_create_gazebo_bringup/share/irobot_create_gazebo_bringup/launch/world_files/world_235.world
-- Symlinking: /home/alex/Programming/ROS2/Ingenia/GSim-ISE24/create3_sim-main/install/irobot_create_gazebo_bringup/share/irobot_create_gazebo_bringup/launch/world_files/world_236.world
-- Symlinking: /home/alex/Programming/ROS2/Ingenia/GSim-ISE24/create3_sim-main/install/irobot_create_gazebo_bringup/share/irobot_create_gazebo_bringup/launch/world_files/world_237.world
-- Symlinking: /home/alex/Programming/ROS2/Ingenia/GSim-ISE24/create3_sim-main/install/irobot_create_gazebo_bringup/share/irobot_create_gazebo_bringup/launch/world_files/world_238.world
-- Symlinking: /home/alex/Programming/ROS2/Ingenia/GSim-ISE24/create3_sim-main/install/irobot_create_gazebo_bringup/share/irobot_create_gazebo_bringup/launch/world_files/world_239.world
-- Symlinking: /home/alex/Programming/ROS2/Ingenia/GSim-ISE24/create3_sim-main/install/irobot_create_gazebo_bringup/share/irobot_create_gazebo_bringup/launch/world_files/world_24.world
-- Symlinking: /home/alex/Programming/ROS2/Ingenia/GSim-ISE24/create3_sim-main/install/irobot_create_gazebo_bringup/share/irobot_create_gazebo_bringup/launch/world_files/world_240.world
-- Symlinking: /home/alex/Programming/ROS2/Ingenia/GSim-ISE24/create3_sim-main/install/irobot_create_gazebo_bringup/share/irobot_create_gazebo_bringup/launch/world_files/world_241.world
-- Symlinking: /home/alex/Programming/ROS2/Ingenia/GSim-ISE24/create3_sim-main/install/irobot_create_gazebo_bringup/share/irobot_create_gazebo_bringup/launch/world_files/world_242.world
-- Symlinking: /home/alex/Programming/ROS2/Ingenia/GSim-ISE24/create3_sim-main/install/irobot_create_gazebo_bringup/share/irobot_create_gazebo_bringup/launch/world_files/world_243.world
-- Symlinking: /home/alex/Programming/ROS2/Ingenia/GSim-ISE24/create3_sim-main/install/irobot_create_gazebo_bringup/share/irobot_create_gazebo_bringup/launch/world_files/world_244.world
-- Symlinking: /home/alex/Programming/ROS2/Ingenia/GSim-ISE24/create3_sim-main/install/irobot_create_gazebo_bringup/share/irobot_create_gazebo_bringup/launch/world_files/world_245.world
-- Symlinking: /home/alex/Programming/ROS2/Ingenia/GSim-ISE24/create3_sim-main/install/irobot_create_gazebo_bringup/share/irobot_create_gazebo_bringup/launch/world_files/world_246.world
-- Symlinking: /home/alex/Programming/ROS2/Ingenia/GSim-ISE24/create3_sim-main/install/irobot_create_gazebo_bringup/share/irobot_create_gazebo_bringup/launch/world_files/world_247.world
-- Symlinking: /home/alex/Programming/ROS2/Ingenia/GSim-ISE24/create3_sim-main/install/irobot_create_gazebo_bringup/share/irobot_create_gazebo_bringup/launch/world_files/world_248.world
-- Symlinking: /home/alex/Programming/ROS2/Ingenia/GSim-ISE24/create3_sim-main/install/irobot_create_gazebo_bringup/share/irobot_create_gazebo_bringup/launch/world_files/world_249.world
-- Symlinking: /home/alex/Programming/ROS2/Ingenia/GSim-ISE24/create3_sim-main/install/irobot_create_gazebo_bringup/share/irobot_create_gazebo_bringup/launch/world_files/world_25.world
-- Symlinking: /home/alex/Programming/ROS2/Ingenia/GSim-ISE24/create3_sim-main/install/irobot_create_gazebo_bringup/share/irobot_create_gazebo_bringup/launch/world_files/world_250.world
-- Symlinking: /home/alex/Programming/ROS2/Ingenia/GSim-ISE24/create3_sim-main/install/irobot_create_gazebo_bringup/share/irobot_create_gazebo_bringup/launch/world_files/world_251.world
-- Symlinking: /home/alex/Programming/ROS2/Ingenia/GSim-ISE24/create3_sim-main/install/irobot_create_gazebo_bringup/share/irobot_create_gazebo_bringup/launch/world_files/world_252.world
-- Symlinking: /home/alex/Programming/ROS2/Ingenia/GSim-ISE24/create3_sim-main/install/irobot_create_gazebo_bringup/share/irobot_create_gazebo_bringup/launch/world_files/world_253.world
-- Symlinking: /home/alex/Programming/ROS2/Ingenia/GSim-ISE24/create3_sim-main/install/irobot_create_gazebo_bringup/share/irobot_create_gazebo_bringup/launch/world_files/world_254.world
-- Symlinking: /home/alex/Programming/ROS2/Ingenia/GSim-ISE24/create3_sim-main/install/irobot_create_gazebo_bringup/share/irobot_create_gazebo_bringup/launch/world_files/world_255.world
-- Symlinking: /home/alex/Programming/ROS2/Ingenia/GSim-ISE24/create3_sim-main/install/irobot_create_gazebo_bringup/share/irobot_create_gazebo_bringup/launch/world_files/world_256.world
-- Symlinking: /home/alex/Programming/ROS2/Ingenia/GSim-ISE24/create3_sim-main/install/irobot_create_gazebo_bringup/share/irobot_create_gazebo_bringup/launch/world_files/world_257.world
-- Symlinking: /home/alex/Programming/ROS2/Ingenia/GSim-ISE24/create3_sim-main/install/irobot_create_gazebo_bringup/share/irobot_create_gazebo_bringup/launch/world_files/world_258.world
-- Symlinking: /home/alex/Programming/ROS2/Ingenia/GSim-ISE24/create3_sim-main/install/irobot_create_gazebo_bringup/share/irobot_create_gazebo_bringup/launch/world_files/world_259.world
-- Symlinking: /home/alex/Programming/ROS2/Ingenia/GSim-ISE24/create3_sim-main/install/irobot_create_gazebo_bringup/share/irobot_create_gazebo_bringup/launch/world_files/world_26.world
-- Symlinking: /home/alex/Programming/ROS2/Ingenia/GSim-ISE24/create3_sim-main/install/irobot_create_gazebo_bringup/share/irobot_create_gazebo_bringup/launch/world_files/world_260.world
-- Symlinking: /home/alex/Programming/ROS2/Ingenia/GSim-ISE24/create3_sim-main/install/irobot_create_gazebo_bringup/share/irobot_create_gazebo_bringup/launch/world_files/world_261.world
-- Symlinking: /home/alex/Programming/ROS2/Ingenia/GSim-ISE24/create3_sim-main/install/irobot_create_gazebo_bringup/share/irobot_create_gazebo_bringup/launch/world_files/world_262.world
-- Symlinking: /home/alex/Programming/ROS2/Ingenia/GSim-ISE24/create3_sim-main/install/irobot_create_gazebo_bringup/share/irobot_create_gazebo_bringup/launch/world_files/world_263.world
-- Symlinking: /home/alex/Programming/ROS2/Ingenia/GSim-ISE24/create3_sim-main/install/irobot_create_gazebo_bringup/share/irobot_create_gazebo_bringup/launch/world_files/world_264.world
-- Symlinking: /home/alex/Programming/ROS2/Ingenia/GSim-ISE24/create3_sim-main/install/irobot_create_gazebo_bringup/share/irobot_create_gazebo_bringup/launch/world_files/world_265.world
-- Symlinking: /home/alex/Programming/ROS2/Ingenia/GSim-ISE24/create3_sim-main/install/irobot_create_gazebo_bringup/share/irobot_create_gazebo_bringup/launch/world_files/world_266.world
-- Symlinking: /home/alex/Programming/ROS2/Ingenia/GSim-ISE24/create3_sim-main/install/irobot_create_gazebo_bringup/share/irobot_create_gazebo_bringup/launch/world_files/world_267.world
-- Symlinking: /home/alex/Programming/ROS2/Ingenia/GSim-ISE24/create3_sim-main/install/irobot_create_gazebo_bringup/share/irobot_create_gazebo_bringup/launch/world_files/world_268.world
-- Symlinking: /home/alex/Programming/ROS2/Ingenia/GSim-ISE24/create3_sim-main/install/irobot_create_gazebo_bringup/share/irobot_create_gazebo_bringup/launch/world_files/world_269.world
-- Symlinking: /home/alex/Programming/ROS2/Ingenia/GSim-ISE24/create3_sim-main/install/irobot_create_gazebo_bringup/share/irobot_create_gazebo_bringup/launch/world_files/world_27.world
-- Symlinking: /home/alex/Programming/ROS2/Ingenia/GSim-ISE24/create3_sim-main/install/irobot_create_gazebo_bringup/share/irobot_create_gazebo_bringup/launch/world_files/world_270.world
-- Symlinking: /home/alex/Programming/ROS2/Ingenia/GSim-ISE24/create3_sim-main/install/irobot_create_gazebo_bringup/share/irobot_create_gazebo_bringup/launch/world_files/world_271.world
-- Symlinking: /home/alex/Programming/ROS2/Ingenia/GSim-ISE24/create3_sim-main/install/irobot_create_gazebo_bringup/share/irobot_create_gazebo_bringup/launch/world_files/world_272.world
-- Symlinking: /home/alex/Programming/ROS2/Ingenia/GSim-ISE24/create3_sim-main/install/irobot_create_gazebo_bringup/share/irobot_create_gazebo_bringup/launch/world_files/world_273.world
-- Symlinking: /home/alex/Programming/ROS2/Ingenia/GSim-ISE24/create3_sim-main/install/irobot_create_gazebo_bringup/share/irobot_create_gazebo_bringup/launch/world_files/world_274.world
-- Symlinking: /home/alex/Programming/ROS2/Ingenia/GSim-ISE24/create3_sim-main/install/irobot_create_gazebo_bringup/share/irobot_create_gazebo_bringup/launch/world_files/world_275.world
-- Symlinking: /home/alex/Programming/ROS2/Ingenia/GSim-ISE24/create3_sim-main/install/irobot_create_gazebo_bringup/share/irobot_create_gazebo_bringup/launch/world_files/world_276.world
-- Symlinking: /home/alex/Programming/ROS2/Ingenia/GSim-ISE24/create3_sim-main/install/irobot_create_gazebo_bringup/share/irobot_create_gazebo_bringup/launch/world_files/world_277.world
-- Symlinking: /home/alex/Programming/ROS2/Ingenia/GSim-ISE24/create3_sim-main/install/irobot_create_gazebo_bringup/share/irobot_create_gazebo_bringup/launch/world_files/world_278.world
-- Symlinking: /home/alex/Programming/ROS2/Ingenia/GSim-ISE24/create3_sim-main/install/irobot_create_gazebo_bringup/share/irobot_create_gazebo_bringup/launch/world_files/world_279.world
-- Symlinking: /home/alex/Programming/ROS2/Ingenia/GSim-ISE24/create3_sim-main/install/irobot_create_gazebo_bringup/share/irobot_create_gazebo_bringup/launch/world_files/world_28.world
-- Symlinking: /home/alex/Programming/ROS2/Ingenia/GSim-ISE24/create3_sim-main/install/irobot_create_gazebo_bringup/share/irobot_create_gazebo_bringup/launch/world_files/world_280.world
-- Symlinking: /home/alex/Programming/ROS2/Ingenia/GSim-ISE24/create3_sim-main/install/irobot_create_gazebo_bringup/share/irobot_create_gazebo_bringup/launch/world_files/world_281.world
-- Symlinking: /home/alex/Programming/ROS2/Ingenia/GSim-ISE24/create3_sim-main/install/irobot_create_gazebo_bringup/share/irobot_create_gazebo_bringup/launch/world_files/world_282.world
-- Symlinking: /home/alex/Programming/ROS2/Ingenia/GSim-ISE24/create3_sim-main/install/irobot_create_gazebo_bringup/share/irobot_create_gazebo_bringup/launch/world_files/world_283.world
-- Symlinking: /home/alex/Programming/ROS2/Ingenia/GSim-ISE24/create3_sim-main/install/irobot_create_gazebo_bringup/share/irobot_create_gazebo_bringup/launch/world_files/world_284.world
-- Symlinking: /home/alex/Programming/ROS2/Ingenia/GSim-ISE24/create3_sim-main/install/irobot_create_gazebo_bringup/share/irobot_create_gazebo_bringup/launch/world_files/world_285.world
-- Symlinking: /home/alex/Programming/ROS2/Ingenia/GSim-ISE24/create3_sim-main/install/irobot_create_gazebo_bringup/share/irobot_create_gazebo_bringup/launch/world_files/world_286.world
-- Symlinking: /home/alex/Programming/ROS2/Ingenia/GSim-ISE24/create3_sim-main/install/irobot_create_gazebo_bringup/share/irobot_create_gazebo_bringup/launch/world_files/world_287.world
-- Symlinking: /home/alex/Programming/ROS2/Ingenia/GSim-ISE24/create3_sim-main/install/irobot_create_gazebo_bringup/share/irobot_create_gazebo_bringup/launch/world_files/world_288.world
-- Symlinking: /home/alex/Programming/ROS2/Ingenia/GSim-ISE24/create3_sim-main/install/irobot_create_gazebo_bringup/share/irobot_create_gazebo_bringup/launch/world_files/world_289.world
-- Symlinking: /home/alex/Programming/ROS2/Ingenia/GSim-ISE24/create3_sim-main/install/irobot_create_gazebo_bringup/share/irobot_create_gazebo_bringup/launch/world_files/world_29.world
-- Symlinking: /home/alex/Programming/ROS2/Ingenia/GSim-ISE24/create3_sim-main/install/irobot_create_gazebo_bringup/share/irobot_create_gazebo_bringup/launch/world_files/world_290.world
-- Symlinking: /home/alex/Programming/ROS2/Ingenia/GSim-ISE24/create3_sim-main/install/irobot_create_gazebo_bringup/share/irobot_create_gazebo_bringup/launch/world_files/world_291.world
-- Symlinking: /home/alex/Programming/ROS2/Ingenia/GSim-ISE24/create3_sim-main/install/irobot_create_gazebo_bringup/share/irobot_create_gazebo_bringup/launch/world_files/world_292.world
-- Symlinking: /home/alex/Programming/ROS2/Ingenia/GSim-ISE24/create3_sim-main/install/irobot_create_gazebo_bringup/share/irobot_create_gazebo_bringup/launch/world_files/world_293.world
-- Symlinking: /home/alex/Programming/ROS2/Ingenia/GSim-ISE24/create3_sim-main/install/irobot_create_gazebo_bringup/share/irobot_create_gazebo_bringup/launch/world_files/world_294.world
-- Symlinking: /home/alex/Programming/ROS2/Ingenia/GSim-ISE24/create3_sim-main/install/irobot_create_gazebo_bringup/share/irobot_create_gazebo_bringup/launch/world_files/world_295.world
-- Symlinking: /home/alex/Programming/ROS2/Ingenia/GSim-ISE24/create3_sim-main/install/irobot_create_gazebo_bringup/share/irobot_create_gazebo_bringup/launch/world_files/world_296.world
-- Symlinking: /home/alex/Programming/ROS2/Ingenia/GSim-ISE24/create3_sim-main/install/irobot_create_gazebo_bringup/share/irobot_create_gazebo_bringup/launch/world_files/world_297.world
-- Symlinking: /home/alex/Programming/ROS2/Ingenia/GSim-ISE24/create3_sim-main/install/irobot_create_gazebo_bringup/share/irobot_create_gazebo_bringup/launch/world_files/world_298.world
-- Symlinking: /home/alex/Programming/ROS2/Ingenia/GSim-ISE24/create3_sim-main/install/irobot_create_gazebo_bringup/share/irobot_create_gazebo_bringup/launch/world_files/world_299.world
-- Symlinking: /home/alex/Programming/ROS2/Ingenia/GSim-ISE24/create3_sim-main/install/irobot_create_gazebo_bringup/share/irobot_create_gazebo_bringup/launch/world_files/world_3.world
-- Symlinking: /home/alex/Programming/ROS2/Ingenia/GSim-ISE24/create3_sim-main/install/irobot_create_gazebo_bringup/share/irobot_create_gazebo_bringup/launch/world_files/world_30.world
-- Symlinking: /home/alex/Programming/ROS2/Ingenia/GSim-ISE24/create3_sim-main/install/irobot_create_gazebo_bringup/share/irobot_create_gazebo_bringup/launch/world_files/world_31.world
-- Symlinking: /home/alex/Programming/ROS2/Ingenia/GSim-ISE24/create3_sim-main/install/irobot_create_gazebo_bringup/share/irobot_create_gazebo_bringup/launch/world_files/world_32.world
-- Symlinking: /home/alex/Programming/ROS2/Ingenia/GSim-ISE24/create3_sim-main/install/irobot_create_gazebo_bringup/share/irobot_create_gazebo_bringup/launch/world_files/world_33.world
-- Symlinking: /home/alex/Programming/ROS2/Ingenia/GSim-ISE24/create3_sim-main/install/irobot_create_gazebo_bringup/share/irobot_create_gazebo_bringup/launch/world_files/world_34.world
-- Symlinking: /home/alex/Programming/ROS2/Ingenia/GSim-ISE24/create3_sim-main/install/irobot_create_gazebo_bringup/share/irobot_create_gazebo_bringup/launch/world_files/world_35.world
-- Symlinking: /home/alex/Programming/ROS2/Ingenia/GSim-ISE24/create3_sim-main/install/irobot_create_gazebo_bringup/share/irobot_create_gazebo_bringup/launch/world_files/world_36.world
-- Symlinking: /home/alex/Programming/ROS2/Ingenia/GSim-ISE24/create3_sim-main/install/irobot_create_gazebo_bringup/share/irobot_create_gazebo_bringup/launch/world_files/world_37.world
-- Symlinking: /home/alex/Programming/ROS2/Ingenia/GSim-ISE24/create3_sim-main/install/irobot_create_gazebo_bringup/share/irobot_create_gazebo_bringup/launch/world_files/world_38.world
-- Symlinking: /home/alex/Programming/ROS2/Ingenia/GSim-ISE24/create3_sim-main/install/irobot_create_gazebo_bringup/share/irobot_create_gazebo_bringup/launch/world_files/world_39.world
-- Symlinking: /home/alex/Programming/ROS2/Ingenia/GSim-ISE24/create3_sim-main/install/irobot_create_gazebo_bringup/share/irobot_create_gazebo_bringup/launch/world_files/world_4.world
-- Symlinking: /home/alex/Programming/ROS2/Ingenia/GSim-ISE24/create3_sim-main/install/irobot_create_gazebo_bringup/share/irobot_create_gazebo_bringup/launch/world_files/world_40.world
-- Symlinking: /home/alex/Programming/ROS2/Ingenia/GSim-ISE24/create3_sim-main/install/irobot_create_gazebo_bringup/share/irobot_create_gazebo_bringup/launch/world_files/world_41.world
-- Symlinking: /home/alex/Programming/ROS2/Ingenia/GSim-ISE24/create3_sim-main/install/irobot_create_gazebo_bringup/share/irobot_create_gazebo_bringup/launch/world_files/world_42.world
-- Symlinking: /home/alex/Programming/ROS2/Ingenia/GSim-ISE24/create3_sim-main/install/irobot_create_gazebo_bringup/share/irobot_create_gazebo_bringup/launch/world_files/world_43.world
-- Symlinking: /home/alex/Programming/ROS2/Ingenia/GSim-ISE24/create3_sim-main/install/irobot_create_gazebo_bringup/share/irobot_create_gazebo_bringup/launch/world_files/world_44.world
-- Symlinking: /home/alex/Programming/ROS2/Ingenia/GSim-ISE24/create3_sim-main/install/irobot_create_gazebo_bringup/share/irobot_create_gazebo_bringup/launch/world_files/world_45.world
-- Symlinking: /home/alex/Programming/ROS2/Ingenia/GSim-ISE24/create3_sim-main/install/irobot_create_gazebo_bringup/share/irobot_create_gazebo_bringup/launch/world_files/world_46.world
-- Symlinking: /home/alex/Programming/ROS2/Ingenia/GSim-ISE24/create3_sim-main/install/irobot_create_gazebo_bringup/share/irobot_create_gazebo_bringup/launch/world_files/world_47.world
-- Symlinking: /home/alex/Programming/ROS2/Ingenia/GSim-ISE24/create3_sim-main/install/irobot_create_gazebo_bringup/share/irobot_create_gazebo_bringup/launch/world_files/world_48.world
-- Symlinking: /home/alex/Programming/ROS2/Ingenia/GSim-ISE24/create3_sim-main/install/irobot_create_gazebo_bringup/share/irobot_create_gazebo_bringup/launch/world_files/world_49.world
-- Symlinking: /home/alex/Programming/ROS2/Ingenia/GSim-ISE24/create3_sim-main/install/irobot_create_gazebo_bringup/share/irobot_create_gazebo_bringup/launch/world_files/world_5.world
-- Symlinking: /home/alex/Programming/ROS2/Ingenia/GSim-ISE24/create3_sim-main/install/irobot_create_gazebo_bringup/share/irobot_create_gazebo_bringup/launch/world_files/world_50.world
-- Symlinking: /home/alex/Programming/ROS2/Ingenia/GSim-ISE24/create3_sim-main/install/irobot_create_gazebo_bringup/share/irobot_create_gazebo_bringup/launch/world_files/world_51.world
-- Symlinking: /home/alex/Programming/ROS2/Ingenia/GSim-ISE24/create3_sim-main/install/irobot_create_gazebo_bringup/share/irobot_create_gazebo_bringup/launch/world_files/world_52.world
-- Symlinking: /home/alex/Programming/ROS2/Ingenia/GSim-ISE24/create3_sim-main/install/irobot_create_gazebo_bringup/share/irobot_create_gazebo_bringup/launch/world_files/world_53.world
-- Symlinking: /home/alex/Programming/ROS2/Ingenia/GSim-ISE24/create3_sim-main/install/irobot_create_gazebo_bringup/share/irobot_create_gazebo_bringup/launch/world_files/world_54.world
-- Symlinking: /home/alex/Programming/ROS2/Ingenia/GSim-ISE24/create3_sim-main/install/irobot_create_gazebo_bringup/share/irobot_create_gazebo_bringup/launch/world_files/world_55.world
-- Symlinking: /home/alex/Programming/ROS2/Ingenia/GSim-ISE24/create3_sim-main/install/irobot_create_gazebo_bringup/share/irobot_create_gazebo_bringup/launch/world_files/world_56.world
-- Symlinking: /home/alex/Programming/ROS2/Ingenia/GSim-ISE24/create3_sim-main/install/irobot_create_gazebo_bringup/share/irobot_create_gazebo_bringup/launch/world_files/world_57.world
-- Symlinking: /home/alex/Programming/ROS2/Ingenia/GSim-ISE24/create3_sim-main/install/irobot_create_gazebo_bringup/share/irobot_create_gazebo_bringup/launch/world_files/world_58.world
-- Symlinking: /home/alex/Programming/ROS2/Ingenia/GSim-ISE24/create3_sim-main/install/irobot_create_gazebo_bringup/share/irobot_create_gazebo_bringup/launch/world_files/world_59.world
-- Symlinking: /home/alex/Programming/ROS2/Ingenia/GSim-ISE24/create3_sim-main/install/irobot_create_gazebo_bringup/share/irobot_create_gazebo_bringup/launch/world_files/world_6.world
-- Symlinking: /home/alex/Programming/ROS2/Ingenia/GSim-ISE24/create3_sim-main/install/irobot_create_gazebo_bringup/share/irobot_create_gazebo_bringup/launch/world_files/world_60.world
-- Symlinking: /home/alex/Programming/ROS2/Ingenia/GSim-ISE24/create3_sim-main/install/irobot_create_gazebo_bringup/share/irobot_create_gazebo_bringup/launch/world_files/world_61.world
-- Symlinking: /home/alex/Programming/ROS2/Ingenia/GSim-ISE24/create3_sim-main/install/irobot_create_gazebo_bringup/share/irobot_create_gazebo_bringup/launch/world_files/world_62.world
-- Symlinking: /home/alex/Programming/ROS2/Ingenia/GSim-ISE24/create3_sim-main/install/irobot_create_gazebo_bringup/share/irobot_create_gazebo_bringup/launch/world_files/world_63.world
-- Symlinking: /home/alex/Programming/ROS2/Ingenia/GSim-ISE24/create3_sim-main/install/irobot_create_gazebo_bringup/share/irobot_create_gazebo_bringup/launch/world_files/world_64.world
-- Symlinking: /home/alex/Programming/ROS2/Ingenia/GSim-ISE24/create3_sim-main/install/irobot_create_gazebo_bringup/share/irobot_create_gazebo_bringup/launch/world_files/world_65.world
-- Symlinking: /home/alex/Programming/ROS2/Ingenia/GSim-ISE24/create3_sim-main/install/irobot_create_gazebo_bringup/share/irobot_create_gazebo_bringup/launch/world_files/world_66.world
-- Symlinking: /home/alex/Programming/ROS2/Ingenia/GSim-ISE24/create3_sim-main/install/irobot_create_gazebo_bringup/share/irobot_create_gazebo_bringup/launch/world_files/world_67.world
-- Symlinking: /home/alex/Programming/ROS2/Ingenia/GSim-ISE24/create3_sim-main/install/irobot_create_gazebo_bringup/share/irobot_create_gazebo_bringup/launch/world_files/world_68.world
-- Symlinking: /home/alex/Programming/ROS2/Ingenia/GSim-ISE24/create3_sim-main/install/irobot_create_gazebo_bringup/share/irobot_create_gazebo_bringup/launch/world_files/world_69.world
-- Symlinking: /home/alex/Programming/ROS2/Ingenia/GSim-ISE24/create3_sim-main/install/irobot_create_gazebo_bringup/share/irobot_create_gazebo_bringup/launch/world_files/world_7.world
-- Symlinking: /home/alex/Programming/ROS2/Ingenia/GSim-ISE24/create3_sim-main/install/irobot_create_gazebo_bringup/share/irobot_create_gazebo_bringup/launch/world_files/world_70.world
-- Symlinking: /home/alex/Programming/ROS2/Ingenia/GSim-ISE24/create3_sim-main/install/irobot_create_gazebo_bringup/share/irobot_create_gazebo_bringup/launch/world_files/world_71.world
-- Symlinking: /home/alex/Programming/ROS2/Ingenia/GSim-ISE24/create3_sim-main/install/irobot_create_gazebo_bringup/share/irobot_create_gazebo_bringup/launch/world_files/world_72.world
-- Symlinking: /home/alex/Programming/ROS2/Ingenia/GSim-ISE24/create3_sim-main/install/irobot_create_gazebo_bringup/share/irobot_create_gazebo_bringup/launch/world_files/world_73.world
-- Symlinking: /home/alex/Programming/ROS2/Ingenia/GSim-ISE24/create3_sim-main/install/irobot_create_gazebo_bringup/share/irobot_create_gazebo_bringup/launch/world_files/world_74.world
-- Symlinking: /home/alex/Programming/ROS2/Ingenia/GSim-ISE24/create3_sim-main/install/irobot_create_gazebo_bringup/share/irobot_create_gazebo_bringup/launch/world_files/world_75.world
-- Symlinking: /home/alex/Programming/ROS2/Ingenia/GSim-ISE24/create3_sim-main/install/irobot_create_gazebo_bringup/share/irobot_create_gazebo_bringup/launch/world_files/world_76.world
-- Symlinking: /home/alex/Programming/ROS2/Ingenia/GSim-ISE24/create3_sim-main/install/irobot_create_gazebo_bringup/share/irobot_create_gazebo_bringup/launch/world_files/world_77.world
-- Symlinking: /home/alex/Programming/ROS2/Ingenia/GSim-ISE24/create3_sim-main/install/irobot_create_gazebo_bringup/share/irobot_create_gazebo_bringup/launch/world_files/world_78.world
-- Symlinking: /home/alex/Programming/ROS2/Ingenia/GSim-ISE24/create3_sim-main/install/irobot_create_gazebo_bringup/share/irobot_create_gazebo_bringup/launch/world_files/world_79.world
-- Symlinking: /home/alex/Programming/ROS2/Ingenia/GSim-ISE24/create3_sim-main/install/irobot_create_gazebo_bringup/share/irobot_create_gazebo_bringup/launch/world_files/world_8.world
-- Symlinking: /home/alex/Programming/ROS2/Ingenia/GSim-ISE24/create3_sim-main/install/irobot_create_gazebo_bringup/share/irobot_create_gazebo_bringup/launch/world_files/world_80.world
-- Symlinking: /home/alex/Programming/ROS2/Ingenia/GSim-ISE24/create3_sim-main/install/irobot_create_gazebo_bringup/share/irobot_create_gazebo_bringup/launch/world_files/world_81.world
-- Symlinking: /home/alex/Programming/ROS2/Ingenia/GSim-ISE24/create3_sim-main/install/irobot_create_gazebo_bringup/share/irobot_create_gazebo_bringup/launch/world_files/world_82.world
-- Symlinking: /home/alex/Programming/ROS2/Ingenia/GSim-ISE24/create3_sim-main/install/irobot_create_gazebo_bringup/share/irobot_create_gazebo_bringup/launch/world_files/world_83.world
-- Symlinking: /home/alex/Programming/ROS2/Ingenia/GSim-ISE24/create3_sim-main/install/irobot_create_gazebo_bringup/share/irobot_create_gazebo_bringup/launch/world_files/world_84.world
-- Symlinking: /home/alex/Programming/ROS2/Ingenia/GSim-ISE24/create3_sim-main/install/irobot_create_gazebo_bringup/share/irobot_create_gazebo_bringup/launch/world_files/world_85.world
-- Symlinking: /home/alex/Programming/ROS2/Ingenia/GSim-ISE24/create3_sim-main/install/irobot_create_gazebo_bringup/share/irobot_create_gazebo_bringup/launch/world_files/world_86.world
-- Symlinking: /home/alex/Programming/ROS2/Ingenia/GSim-ISE24/create3_sim-main/install/irobot_create_gazebo_bringup/share/irobot_create_gazebo_bringup/launch/world_files/world_87.world
-- Symlinking: /home/alex/Programming/ROS2/Ingenia/GSim-ISE24/create3_sim-main/install/irobot_create_gazebo_bringup/share/irobot_create_gazebo_bringup/launch/world_files/world_88.world
-- Symlinking: /home/alex/Programming/ROS2/Ingenia/GSim-ISE24/create3_sim-main/install/irobot_create_gazebo_bringup/share/irobot_create_gazebo_bringup/launch/world_files/world_89.world
-- Symlinking: /home/alex/Programming/ROS2/Ingenia/GSim-ISE24/create3_sim-main/install/irobot_create_gazebo_bringup/share/irobot_create_gazebo_bringup/launch/world_files/world_9.world
-- Symlinking: /home/alex/Programming/ROS2/Ingenia/GSim-ISE24/create3_sim-main/install/irobot_create_gazebo_bringup/share/irobot_create_gazebo_bringup/launch/world_files/world_90.world
-- Symlinking: /home/alex/Programming/ROS2/Ingenia/GSim-ISE24/create3_sim-main/install/irobot_create_gazebo_bringup/share/irobot_create_gazebo_bringup/launch/world_files/world_91.world
-- Symlinking: /home/alex/Programming/ROS2/Ingenia/GSim-ISE24/create3_sim-main/install/irobot_create_gazebo_bringup/share/irobot_create_gazebo_bringup/launch/world_files/world_92.world
-- Symlinking: /home/alex/Programming/ROS2/Ingenia/GSim-ISE24/create3_sim-main/install/irobot_create_gazebo_bringup/share/irobot_create_gazebo_bringup/launch/world_files/world_93.world
-- Symlinking: /home/alex/Programming/ROS2/Ingenia/GSim-ISE24/create3_sim-main/install/irobot_create_gazebo_bringup/share/irobot_create_gazebo_bringup/launch/world_files/world_94.world
-- Symlinking: /home/alex/Programming/ROS2/Ingenia/GSim-ISE24/create3_sim-main/install/irobot_create_gazebo_bringup/share/irobot_create_gazebo_bringup/launch/world_files/world_95.world
-- Symlinking: /home/alex/Programming/ROS2/Ingenia/GSim-ISE24/create3_sim-main/install/irobot_create_gazebo_bringup/share/irobot_create_gazebo_bringup/launch/world_files/world_96.world
-- Symlinking: /home/alex/Programming/ROS2/Ingenia/GSim-ISE24/create3_sim-main/install/irobot_create_gazebo_bringup/share/irobot_create_gazebo_bringup/launch/world_files/world_97.world
-- Symlinking: /home/alex/Programming/ROS2/Ingenia/GSim-ISE24/create3_sim-main/install/irobot_create_gazebo_bringup/share/irobot_create_gazebo_bringup/launch/world_files/world_98.world
-- Symlinking: /home/alex/Programming/ROS2/Ingenia/GSim-ISE24/create3_sim-main/install/irobot_create_gazebo_bringup/share/irobot_create_gazebo_bringup/launch/world_files/world_99.world
-- Symlinking: /home/alex/Programming/ROS2/Ingenia/GSim-ISE24/create3_sim-main/install/irobot_create_gazebo_bringup/share/ament_index/resource_index/package_run_dependencies/irobot_create_gazebo_bringup
-- Symlinking: /home/alex/Programming/ROS2/Ingenia/GSim-ISE24/create3_sim-main/install/irobot_create_gazebo_bringup/share/ament_index/resource_index/parent_prefix_path/irobot_create_gazebo_bringup
-- Symlinking: /home/alex/Programming/ROS2/Ingenia/GSim-ISE24/create3_sim-main/install/irobot_create_gazebo_bringup/share/irobot_create_gazebo_bringup/environment/ament_prefix_path.sh
-- Symlinking: /home/alex/Programming/ROS2/Ingenia/GSim-ISE24/create3_sim-main/install/irobot_create_gazebo_bringup/share/irobot_create_gazebo_bringup/environment/ament_prefix_path.dsv
-- Symlinking: /home/alex/Programming/ROS2/Ingenia/GSim-ISE24/create3_sim-main/install/irobot_create_gazebo_bringup/share/irobot_create_gazebo_bringup/environment/path.sh
-- Symlinking: /home/alex/Programming/ROS2/Ingenia/GSim-ISE24/create3_sim-main/install/irobot_create_gazebo_bringup/share/irobot_create_gazebo_bringup/environment/path.dsv
-- Symlinking: /home/alex/Programming/ROS2/Ingenia/GSim-ISE24/create3_sim-main/install/irobot_create_gazebo_bringup/share/irobot_create_gazebo_bringup/local_setup.bash
-- Symlinking: /home/alex/Programming/ROS2/Ingenia/GSim-ISE24/create3_sim-main/install/irobot_create_gazebo_bringup/share/irobot_create_gazebo_bringup/local_setup.sh
-- Symlinking: /home/alex/Programming/ROS2/Ingenia/GSim-ISE24/create3_sim-main/install/irobot_create_gazebo_bringup/share/irobot_create_gazebo_bringup/local_setup.zsh
-- Symlinking: /home/alex/Programming/ROS2/Ingenia/GSim-ISE24/create3_sim-main/install/irobot_create_gazebo_bringup/share/irobot_create_gazebo_bringup/local_setup.dsv
-- Symlinking: /home/alex/Programming/ROS2/Ingenia/GSim-ISE24/create3_sim-main/install/irobot_create_gazebo_bringup/share/irobot_create_gazebo_bringup/package.dsv
-- Symlinking: /home/alex/Programming/ROS2/Ingenia/GSim-ISE24/create3_sim-main/install/irobot_create_gazebo_bringup/share/ament_index/resource_index/packages/irobot_create_gazebo_bringup
-- Symlinking: /home/alex/Programming/ROS2/Ingenia/GSim-ISE24/create3_sim-main/install/irobot_create_gazebo_bringup/share/irobot_create_gazebo_bringup/cmake/irobot_create_gazebo_bringupConfig.cmake
-- Symlinking: /home/alex/Programming/ROS2/Ingenia/GSim-ISE24/create3_sim-main/install/irobot_create_gazebo_bringup/share/irobot_create_gazebo_bringup/cmake/irobot_create_gazebo_bringupConfig-version.cmake
-- Symlinking: /home/alex/Programming/ROS2/Ingenia/GSim-ISE24/create3_sim-main/install/irobot_create_gazebo_bringup/share/irobot_create_gazebo_bringup/package.xml
